CRITICAL - 2021-03-07 07:25:59 --> Undefined variable: subtitle
#0 C:\xampp\htdocs\TDA-GRUPO4\app\Views\Template\Inicio.php(207): CodeIgniter\Debug\Exceptions->errorHandler(8, 'Undefined varia...', 'C:\\xampp\\htdocs...', 207, Array)
#1 C:\xampp\htdocs\TDA-GRUPO4\system\View\View.php(220): include('C:\\xampp\\htdocs...')
#2 C:\xampp\htdocs\TDA-GRUPO4\system\View\View.php(222): CodeIgniter\View\View->CodeIgniter\View\{closure}()
#3 C:\xampp\htdocs\TDA-GRUPO4\system\View\View.php(236): CodeIgniter\View\View->render('Template/Inicio', Array, true)
#4 C:\xampp\htdocs\TDA-GRUPO4\system\Common.php(1217): CodeIgniter\View\View->render('docentes/genera...', Array, true)
#5 C:\xampp\htdocs\TDA-GRUPO4\app\Controllers\Docente.php(53): view('docentes/genera...', Array)
#6 C:\xampp\htdocs\TDA-GRUPO4\system\CodeIgniter.php(936): App\Controllers\Docente->FormRegistrar()
#7 C:\xampp\htdocs\TDA-GRUPO4\system\CodeIgniter.php(432): CodeIgniter\CodeIgniter->runController(Object(App\Controllers\Docente))
#8 C:\xampp\htdocs\TDA-GRUPO4\system\CodeIgniter.php(333): CodeIgniter\CodeIgniter->handleRequest(NULL, Object(Config\Cache), false)
#9 C:\xampp\htdocs\TDA-GRUPO4\index.php(44): CodeIgniter\CodeIgniter->run()
#10 {main}
CRITICAL - 2021-03-07 07:26:04 --> Undefined variable: subtitle
#0 C:\xampp\htdocs\TDA-GRUPO4\app\Views\Template\Inicio.php(207): CodeIgniter\Debug\Exceptions->errorHandler(8, 'Undefined varia...', 'C:\\xampp\\htdocs...', 207, Array)
#1 C:\xampp\htdocs\TDA-GRUPO4\system\View\View.php(220): include('C:\\xampp\\htdocs...')
#2 C:\xampp\htdocs\TDA-GRUPO4\system\View\View.php(222): CodeIgniter\View\View->CodeIgniter\View\{closure}()
#3 C:\xampp\htdocs\TDA-GRUPO4\system\View\View.php(236): CodeIgniter\View\View->render('Template/Inicio', Array, true)
#4 C:\xampp\htdocs\TDA-GRUPO4\system\Common.php(1217): CodeIgniter\View\View->render('docentes/genera...', Array, true)
#5 C:\xampp\htdocs\TDA-GRUPO4\app\Controllers\Docente.php(53): view('docentes/genera...', Array)
#6 C:\xampp\htdocs\TDA-GRUPO4\system\CodeIgniter.php(936): App\Controllers\Docente->FormRegistrar()
#7 C:\xampp\htdocs\TDA-GRUPO4\system\CodeIgniter.php(432): CodeIgniter\CodeIgniter->runController(Object(App\Controllers\Docente))
#8 C:\xampp\htdocs\TDA-GRUPO4\system\CodeIgniter.php(333): CodeIgniter\CodeIgniter->handleRequest(NULL, Object(Config\Cache), false)
#9 C:\xampp\htdocs\TDA-GRUPO4\index.php(44): CodeIgniter\CodeIgniter->run()
#10 {main}
CRITICAL - 2021-03-07 07:26:36 --> Undefined variable: subtitle
#0 C:\xampp\htdocs\TDA-GRUPO4\app\Views\Template\Inicio.php(207): CodeIgniter\Debug\Exceptions->errorHandler(8, 'Undefined varia...', 'C:\\xampp\\htdocs...', 207, Array)
#1 C:\xampp\htdocs\TDA-GRUPO4\system\View\View.php(220): include('C:\\xampp\\htdocs...')
#2 C:\xampp\htdocs\TDA-GRUPO4\system\View\View.php(222): CodeIgniter\View\View->CodeIgniter\View\{closure}()
#3 C:\xampp\htdocs\TDA-GRUPO4\system\View\View.php(236): CodeIgniter\View\View->render('Template/Inicio', Array, true)
#4 C:\xampp\htdocs\TDA-GRUPO4\system\Common.php(1217): CodeIgniter\View\View->render('docentes/genera...', Array, true)
#5 C:\xampp\htdocs\TDA-GRUPO4\app\Controllers\Docente.php(53): view('docentes/genera...', Array)
#6 C:\xampp\htdocs\TDA-GRUPO4\system\CodeIgniter.php(936): App\Controllers\Docente->FormRegistrar()
#7 C:\xampp\htdocs\TDA-GRUPO4\system\CodeIgniter.php(432): CodeIgniter\CodeIgniter->runController(Object(App\Controllers\Docente))
#8 C:\xampp\htdocs\TDA-GRUPO4\system\CodeIgniter.php(333): CodeIgniter\CodeIgniter->handleRequest(NULL, Object(Config\Cache), false)
#9 C:\xampp\htdocs\TDA-GRUPO4\index.php(44): CodeIgniter\CodeIgniter->run()
#10 {main}
CRITICAL - 2021-03-07 07:27:22 --> Undefined variable: subtitle
#0 C:\xampp\htdocs\TDA-GRUPO4\app\Views\Template\Inicio.php(207): CodeIgniter\Debug\Exceptions->errorHandler(8, 'Undefined varia...', 'C:\\xampp\\htdocs...', 207, Array)
#1 C:\xampp\htdocs\TDA-GRUPO4\system\View\View.php(220): include('C:\\xampp\\htdocs...')
#2 C:\xampp\htdocs\TDA-GRUPO4\system\View\View.php(222): CodeIgniter\View\View->CodeIgniter\View\{closure}()
#3 C:\xampp\htdocs\TDA-GRUPO4\system\View\View.php(236): CodeIgniter\View\View->render('Template/Inicio', Array, true)
#4 C:\xampp\htdocs\TDA-GRUPO4\system\Common.php(1217): CodeIgniter\View\View->render('estudiantes/gen...', Array, true)
#5 C:\xampp\htdocs\TDA-GRUPO4\app\Controllers\Estudiante.php(60): view('estudiantes/gen...', Array)
#6 C:\xampp\htdocs\TDA-GRUPO4\system\CodeIgniter.php(936): App\Controllers\Estudiante->FormRegistrar()
#7 C:\xampp\htdocs\TDA-GRUPO4\system\CodeIgniter.php(432): CodeIgniter\CodeIgniter->runController(Object(App\Controllers\Estudiante))
#8 C:\xampp\htdocs\TDA-GRUPO4\system\CodeIgniter.php(333): CodeIgniter\CodeIgniter->handleRequest(NULL, Object(Config\Cache), false)
#9 C:\xampp\htdocs\TDA-GRUPO4\index.php(44): CodeIgniter\CodeIgniter->run()
#10 {main}
CRITICAL - 2021-03-07 12:39:41 --> Undefined variable: subtitle
#0 C:\xampp\htdocs\TDA-GRUPO4\app\Views\Template\Inicio.php(207): CodeIgniter\Debug\Exceptions->errorHandler(8, 'Undefined varia...', 'C:\\xampp\\htdocs...', 207, Array)
#1 C:\xampp\htdocs\TDA-GRUPO4\system\View\View.php(220): include('C:\\xampp\\htdocs...')
#2 C:\xampp\htdocs\TDA-GRUPO4\system\View\View.php(222): CodeIgniter\View\View->CodeIgniter\View\{closure}()
#3 C:\xampp\htdocs\TDA-GRUPO4\system\View\View.php(236): CodeIgniter\View\View->render('Template/Inicio', Array, true)
#4 C:\xampp\htdocs\TDA-GRUPO4\system\Common.php(1217): CodeIgniter\View\View->render('estudiantes/gen...', Array, true)
#5 C:\xampp\htdocs\TDA-GRUPO4\app\Controllers\Estudiante.php(60): view('estudiantes/gen...', Array)
#6 C:\xampp\htdocs\TDA-GRUPO4\system\CodeIgniter.php(936): App\Controllers\Estudiante->FormRegistrar()
#7 C:\xampp\htdocs\TDA-GRUPO4\system\CodeIgniter.php(432): CodeIgniter\CodeIgniter->runController(Object(App\Controllers\Estudiante))
#8 C:\xampp\htdocs\TDA-GRUPO4\system\CodeIgniter.php(333): CodeIgniter\CodeIgniter->handleRequest(NULL, Object(Config\Cache), false)
#9 C:\xampp\htdocs\TDA-GRUPO4\index.php(44): CodeIgniter\CodeIgniter->run()
#10 {main}
CRITICAL - 2021-03-07 12:41:51 --> Undefined variable: subtitle
#0 C:\xampp\htdocs\TDA-GRUPO4\app\Views\Template\Inicio.php(207): CodeIgniter\Debug\Exceptions->errorHandler(8, 'Undefined varia...', 'C:\\xampp\\htdocs...', 207, Array)
#1 C:\xampp\htdocs\TDA-GRUPO4\system\View\View.php(220): include('C:\\xampp\\htdocs...')
#2 C:\xampp\htdocs\TDA-GRUPO4\system\View\View.php(222): CodeIgniter\View\View->CodeIgniter\View\{closure}()
#3 C:\xampp\htdocs\TDA-GRUPO4\system\View\View.php(236): CodeIgniter\View\View->render('Template/Inicio', Array, true)
#4 C:\xampp\htdocs\TDA-GRUPO4\system\Common.php(1217): CodeIgniter\View\View->render('estudiantes/gen...', Array, true)
#5 C:\xampp\htdocs\TDA-GRUPO4\app\Controllers\Estudiante.php(61): view('estudiantes/gen...', Array)
#6 C:\xampp\htdocs\TDA-GRUPO4\system\CodeIgniter.php(936): App\Controllers\Estudiante->FormRegistrar()
#7 C:\xampp\htdocs\TDA-GRUPO4\system\CodeIgniter.php(432): CodeIgniter\CodeIgniter->runController(Object(App\Controllers\Estudiante))
#8 C:\xampp\htdocs\TDA-GRUPO4\system\CodeIgniter.php(333): CodeIgniter\CodeIgniter->handleRequest(NULL, Object(Config\Cache), false)
#9 C:\xampp\htdocs\TDA-GRUPO4\index.php(44): CodeIgniter\CodeIgniter->run()
#10 {main}
CRITICAL - 2021-03-07 12:45:34 --> Undefined variable: subtitle
#0 C:\xampp\htdocs\TDA-GRUPO4\app\Views\Template\Inicio.php(207): CodeIgniter\Debug\Exceptions->errorHandler(8, 'Undefined varia...', 'C:\\xampp\\htdocs...', 207, Array)
#1 C:\xampp\htdocs\TDA-GRUPO4\system\View\View.php(220): include('C:\\xampp\\htdocs...')
#2 C:\xampp\htdocs\TDA-GRUPO4\system\View\View.php(222): CodeIgniter\View\View->CodeIgniter\View\{closure}()
#3 C:\xampp\htdocs\TDA-GRUPO4\system\View\View.php(236): CodeIgniter\View\View->render('Template/Inicio', Array, true)
#4 C:\xampp\htdocs\TDA-GRUPO4\system\Common.php(1217): CodeIgniter\View\View->render('estudiantes/gen...', Array, true)
#5 C:\xampp\htdocs\TDA-GRUPO4\app\Controllers\Estudiante.php(61): view('estudiantes/gen...', Array)
#6 C:\xampp\htdocs\TDA-GRUPO4\system\CodeIgniter.php(936): App\Controllers\Estudiante->FormRegistrar()
#7 C:\xampp\htdocs\TDA-GRUPO4\system\CodeIgniter.php(432): CodeIgniter\CodeIgniter->runController(Object(App\Controllers\Estudiante))
#8 C:\xampp\htdocs\TDA-GRUPO4\system\CodeIgniter.php(333): CodeIgniter\CodeIgniter->handleRequest(NULL, Object(Config\Cache), false)
#9 C:\xampp\htdocs\TDA-GRUPO4\index.php(44): CodeIgniter\CodeIgniter->run()
#10 {main}
CRITICAL - 2021-03-07 15:34:27 --> syntax error, unexpected end of file, expecting function (T_FUNCTION) or const (T_CONST)
#0 C:\xampp\htdocs\TDA-GRUPO4\system\Router\Router.php(170): CodeIgniter\Router\Router->autoRoute('Docente/DataTab...')
#1 C:\xampp\htdocs\TDA-GRUPO4\system\CodeIgniter.php(816): CodeIgniter\Router\Router->handle('Docente/DataTab...')
#2 C:\xampp\htdocs\TDA-GRUPO4\system\CodeIgniter.php(385): CodeIgniter\CodeIgniter->tryToRouteIt(Object(CodeIgniter\Router\RouteCollection))
#3 C:\xampp\htdocs\TDA-GRUPO4\system\CodeIgniter.php(333): CodeIgniter\CodeIgniter->handleRequest(NULL, Object(Config\Cache), false)
#4 C:\xampp\htdocs\TDA-GRUPO4\index.php(44): CodeIgniter\CodeIgniter->run()
#5 {main}
CRITICAL - 2021-03-07 15:34:29 --> syntax error, unexpected end of file, expecting function (T_FUNCTION) or const (T_CONST)
#0 C:\xampp\htdocs\TDA-GRUPO4\system\Router\Router.php(170): CodeIgniter\Router\Router->autoRoute('Docente/DataTab...')
#1 C:\xampp\htdocs\TDA-GRUPO4\system\CodeIgniter.php(816): CodeIgniter\Router\Router->handle('Docente/DataTab...')
#2 C:\xampp\htdocs\TDA-GRUPO4\system\CodeIgniter.php(385): CodeIgniter\CodeIgniter->tryToRouteIt(Object(CodeIgniter\Router\RouteCollection))
#3 C:\xampp\htdocs\TDA-GRUPO4\system\CodeIgniter.php(333): CodeIgniter\CodeIgniter->handleRequest(NULL, Object(Config\Cache), false)
#4 C:\xampp\htdocs\TDA-GRUPO4\index.php(44): CodeIgniter\CodeIgniter->run()
#5 {main}
CRITICAL - 2021-03-07 16:00:41 --> unlink(C:\xampp\htdocs\TDA-GRUPO4\writable\debugbar/debugbar_1615154121.json): No such file or directory
#0 [internal function]: CodeIgniter\Debug\Exceptions->errorHandler(2, 'unlink(C:\\xampp...', 'C:\\xampp\\htdocs...', 78, Array)
#1 C:\xampp\htdocs\TDA-GRUPO4\system\Debug\Toolbar\Collectors\History.php(78): unlink('C:\\xampp\\htdocs...')
#2 C:\xampp\htdocs\TDA-GRUPO4\system\Debug\Toolbar.php(441): CodeIgniter\Debug\Toolbar\Collectors\History->setFiles(1615154441, 20)
#3 C:\xampp\htdocs\TDA-GRUPO4\system\Debug\Toolbar.php(413): CodeIgniter\Debug\Toolbar->format(Array, 'html')
#4 C:\xampp\htdocs\TDA-GRUPO4\app\Config\Events.php(52): CodeIgniter\Debug\Toolbar->respond()
#5 [internal function]: CodeIgniter\Events\Events::Config\{closure}()
#6 C:\xampp\htdocs\TDA-GRUPO4\system\Events\Events.php(166): call_user_func(Object(Closure))
#7 C:\xampp\htdocs\TDA-GRUPO4\system\CodeIgniter.php(314): CodeIgniter\Events\Events::trigger('pre_system')
#8 C:\xampp\htdocs\TDA-GRUPO4\index.php(44): CodeIgniter\CodeIgniter->run()
#9 {main}
CRITICAL - 2021-03-07 16:00:53 --> unlink(C:\xampp\htdocs\TDA-GRUPO4\writable\debugbar/debugbar_1615154123.json): No such file or directory
#0 [internal function]: CodeIgniter\Debug\Exceptions->errorHandler(2, 'unlink(C:\\xampp...', 'C:\\xampp\\htdocs...', 78, Array)
#1 C:\xampp\htdocs\TDA-GRUPO4\system\Debug\Toolbar\Collectors\History.php(78): unlink('C:\\xampp\\htdocs...')
#2 C:\xampp\htdocs\TDA-GRUPO4\system\Debug\Toolbar.php(441): CodeIgniter\Debug\Toolbar\Collectors\History->setFiles(1615154453, 20)
#3 C:\xampp\htdocs\TDA-GRUPO4\system\Debug\Toolbar.php(413): CodeIgniter\Debug\Toolbar->format(Array, 'html')
#4 C:\xampp\htdocs\TDA-GRUPO4\app\Config\Events.php(52): CodeIgniter\Debug\Toolbar->respond()
#5 [internal function]: CodeIgniter\Events\Events::Config\{closure}()
#6 C:\xampp\htdocs\TDA-GRUPO4\system\Events\Events.php(166): call_user_func(Object(Closure))
#7 C:\xampp\htdocs\TDA-GRUPO4\system\CodeIgniter.php(314): CodeIgniter\Events\Events::trigger('pre_system')
#8 C:\xampp\htdocs\TDA-GRUPO4\index.php(44): CodeIgniter\CodeIgniter->run()
#9 {main}
CRITICAL - 2021-03-07 16:01:00 --> unlink(C:\xampp\htdocs\TDA-GRUPO4\writable\debugbar/debugbar_1615154223.json): No such file or directory
#0 [internal function]: CodeIgniter\Debug\Exceptions->errorHandler(2, 'unlink(C:\\xampp...', 'C:\\xampp\\htdocs...', 78, Array)
#1 C:\xampp\htdocs\TDA-GRUPO4\system\Debug\Toolbar\Collectors\History.php(78): unlink('C:\\xampp\\htdocs...')
#2 C:\xampp\htdocs\TDA-GRUPO4\system\Debug\Toolbar.php(441): CodeIgniter\Debug\Toolbar\Collectors\History->setFiles(1615154460, 20)
#3 C:\xampp\htdocs\TDA-GRUPO4\system\Debug\Toolbar.php(413): CodeIgniter\Debug\Toolbar->format(Array, 'html')
#4 C:\xampp\htdocs\TDA-GRUPO4\app\Config\Events.php(52): CodeIgniter\Debug\Toolbar->respond()
#5 [internal function]: CodeIgniter\Events\Events::Config\{closure}()
#6 C:\xampp\htdocs\TDA-GRUPO4\system\Events\Events.php(166): call_user_func(Object(Closure))
#7 C:\xampp\htdocs\TDA-GRUPO4\system\CodeIgniter.php(314): CodeIgniter\Events\Events::trigger('pre_system')
#8 C:\xampp\htdocs\TDA-GRUPO4\index.php(44): CodeIgniter\CodeIgniter->run()
#9 {main}
CRITICAL - 2021-03-07 16:02:05 --> unlink(C:\xampp\htdocs\TDA-GRUPO4\writable\debugbar/debugbar_1615154244.json): No such file or directory
#0 [internal function]: CodeIgniter\Debug\Exceptions->errorHandler(2, 'unlink(C:\\xampp...', 'C:\\xampp\\htdocs...', 78, Array)
#1 C:\xampp\htdocs\TDA-GRUPO4\system\Debug\Toolbar\Collectors\History.php(78): unlink('C:\\xampp\\htdocs...')
#2 C:\xampp\htdocs\TDA-GRUPO4\system\Debug\Toolbar.php(441): CodeIgniter\Debug\Toolbar\Collectors\History->setFiles(1615154524, 20)
#3 C:\xampp\htdocs\TDA-GRUPO4\system\Debug\Toolbar.php(413): CodeIgniter\Debug\Toolbar->format(Array, 'html')
#4 C:\xampp\htdocs\TDA-GRUPO4\app\Config\Events.php(52): CodeIgniter\Debug\Toolbar->respond()
#5 [internal function]: CodeIgniter\Events\Events::Config\{closure}()
#6 C:\xampp\htdocs\TDA-GRUPO4\system\Events\Events.php(166): call_user_func(Object(Closure))
#7 C:\xampp\htdocs\TDA-GRUPO4\system\CodeIgniter.php(314): CodeIgniter\Events\Events::trigger('pre_system')
#8 C:\xampp\htdocs\TDA-GRUPO4\index.php(44): CodeIgniter\CodeIgniter->run()
#9 {main}
CRITICAL - 2021-03-07 16:02:54 --> unlink(C:\xampp\htdocs\TDA-GRUPO4\writable\debugbar/debugbar_1615154346.json): No such file or directory
#0 [internal function]: CodeIgniter\Debug\Exceptions->errorHandler(2, 'unlink(C:\\xampp...', 'C:\\xampp\\htdocs...', 78, Array)
#1 C:\xampp\htdocs\TDA-GRUPO4\system\Debug\Toolbar\Collectors\History.php(78): unlink('C:\\xampp\\htdocs...')
#2 C:\xampp\htdocs\TDA-GRUPO4\system\Debug\Toolbar.php(441): CodeIgniter\Debug\Toolbar\Collectors\History->setFiles(1615154574, 20)
#3 C:\xampp\htdocs\TDA-GRUPO4\system\Debug\Toolbar.php(413): CodeIgniter\Debug\Toolbar->format(Array, 'html')
#4 C:\xampp\htdocs\TDA-GRUPO4\app\Config\Events.php(52): CodeIgniter\Debug\Toolbar->respond()
#5 [internal function]: CodeIgniter\Events\Events::Config\{closure}()
#6 C:\xampp\htdocs\TDA-GRUPO4\system\Events\Events.php(166): call_user_func(Object(Closure))
#7 C:\xampp\htdocs\TDA-GRUPO4\system\CodeIgniter.php(314): CodeIgniter\Events\Events::trigger('pre_system')
#8 C:\xampp\htdocs\TDA-GRUPO4\index.php(44): CodeIgniter\CodeIgniter->run()
#9 {main}
CRITICAL - 2021-03-07 16:07:15 --> syntax error, unexpected 's' (T_STRING)
#0 C:\xampp\htdocs\TDA-GRUPO4\system\Autoloader\Autoloader.php(265): CodeIgniter\Autoloader\Autoloader->includeFile('C:\\xampp\\htdocs...')
#1 C:\xampp\htdocs\TDA-GRUPO4\system\Autoloader\Autoloader.php(228): CodeIgniter\Autoloader\Autoloader->loadInNamespace('App\\Controllers...')
#2 [internal function]: CodeIgniter\Autoloader\Autoloader->loadClass('App\\Controllers...')
#3 [internal function]: spl_autoload_call('App\\Controllers...')
#4 C:\xampp\htdocs\TDA-GRUPO4\system\CodeIgniter.php(893): class_exists('\\App\\Controller...', true)
#5 C:\xampp\htdocs\TDA-GRUPO4\system\CodeIgniter.php(417): CodeIgniter\CodeIgniter->startController()
#6 C:\xampp\htdocs\TDA-GRUPO4\system\CodeIgniter.php(333): CodeIgniter\CodeIgniter->handleRequest(NULL, Object(Config\Cache), false)
#7 C:\xampp\htdocs\TDA-GRUPO4\index.php(44): CodeIgniter\CodeIgniter->run()
#8 {main}
CRITICAL - 2021-03-07 16:10:58 --> syntax error, unexpected '}'
#0 C:\xampp\htdocs\TDA-GRUPO4\system\Autoloader\Autoloader.php(265): CodeIgniter\Autoloader\Autoloader->includeFile('C:\\xampp\\htdocs...')
#1 C:\xampp\htdocs\TDA-GRUPO4\system\Autoloader\Autoloader.php(228): CodeIgniter\Autoloader\Autoloader->loadInNamespace('App\\Controllers...')
#2 [internal function]: CodeIgniter\Autoloader\Autoloader->loadClass('App\\Controllers...')
#3 [internal function]: spl_autoload_call('App\\Controllers...')
#4 C:\xampp\htdocs\TDA-GRUPO4\system\CodeIgniter.php(893): class_exists('\\App\\Controller...', true)
#5 C:\xampp\htdocs\TDA-GRUPO4\system\CodeIgniter.php(417): CodeIgniter\CodeIgniter->startController()
#6 C:\xampp\htdocs\TDA-GRUPO4\system\CodeIgniter.php(333): CodeIgniter\CodeIgniter->handleRequest(NULL, Object(Config\Cache), false)
#7 C:\xampp\htdocs\TDA-GRUPO4\index.php(44): CodeIgniter\CodeIgniter->run()
#8 {main}
CRITICAL - 2021-03-07 16:10:58 --> syntax error, unexpected '}'
#0 C:\xampp\htdocs\TDA-GRUPO4\system\Autoloader\Autoloader.php(265): CodeIgniter\Autoloader\Autoloader->includeFile('C:\\xampp\\htdocs...')
#1 C:\xampp\htdocs\TDA-GRUPO4\system\Autoloader\Autoloader.php(228): CodeIgniter\Autoloader\Autoloader->loadInNamespace('App\\Controllers...')
#2 [internal function]: CodeIgniter\Autoloader\Autoloader->loadClass('App\\Controllers...')
#3 [internal function]: spl_autoload_call('App\\Controllers...')
#4 C:\xampp\htdocs\TDA-GRUPO4\system\CodeIgniter.php(893): class_exists('\\App\\Controller...', true)
#5 C:\xampp\htdocs\TDA-GRUPO4\system\CodeIgniter.php(417): CodeIgniter\CodeIgniter->startController()
#6 C:\xampp\htdocs\TDA-GRUPO4\system\CodeIgniter.php(333): CodeIgniter\CodeIgniter->handleRequest(NULL, Object(Config\Cache), false)
#7 C:\xampp\htdocs\TDA-GRUPO4\index.php(44): CodeIgniter\CodeIgniter->run()
#8 {main}
CRITICAL - 2021-03-07 16:13:43 --> unlink(C:\xampp\htdocs\TDA-GRUPO4\writable\debugbar/debugbar_1615154776.json): No such file or directory
#0 [internal function]: CodeIgniter\Debug\Exceptions->errorHandler(2, 'unlink(C:\\xampp...', 'C:\\xampp\\htdocs...', 78, Array)
#1 C:\xampp\htdocs\TDA-GRUPO4\system\Debug\Toolbar\Collectors\History.php(78): unlink('C:\\xampp\\htdocs...')
#2 C:\xampp\htdocs\TDA-GRUPO4\system\Debug\Toolbar.php(441): CodeIgniter\Debug\Toolbar\Collectors\History->setFiles(1615155223, 20)
#3 C:\xampp\htdocs\TDA-GRUPO4\system\Debug\Toolbar.php(413): CodeIgniter\Debug\Toolbar->format(Array, 'html')
#4 C:\xampp\htdocs\TDA-GRUPO4\app\Config\Events.php(52): CodeIgniter\Debug\Toolbar->respond()
#5 [internal function]: CodeIgniter\Events\Events::Config\{closure}()
#6 C:\xampp\htdocs\TDA-GRUPO4\system\Events\Events.php(166): call_user_func(Object(Closure))
#7 C:\xampp\htdocs\TDA-GRUPO4\system\CodeIgniter.php(314): CodeIgniter\Events\Events::trigger('pre_system')
#8 C:\xampp\htdocs\TDA-GRUPO4\index.php(44): CodeIgniter\CodeIgniter->run()
#9 {main}
CRITICAL - 2021-03-07 16:15:02 --> unlink(C:\xampp\htdocs\TDA-GRUPO4\writable\debugbar/debugbar_1615154807.json): No such file or directory
#0 [internal function]: CodeIgniter\Debug\Exceptions->errorHandler(2, 'unlink(C:\\xampp...', 'C:\\xampp\\htdocs...', 78, Array)
#1 C:\xampp\htdocs\TDA-GRUPO4\system\Debug\Toolbar\Collectors\History.php(78): unlink('C:\\xampp\\htdocs...')
#2 C:\xampp\htdocs\TDA-GRUPO4\system\Debug\Toolbar.php(441): CodeIgniter\Debug\Toolbar\Collectors\History->setFiles(1615155302, 20)
#3 C:\xampp\htdocs\TDA-GRUPO4\system\Debug\Toolbar.php(413): CodeIgniter\Debug\Toolbar->format(Array, 'html')
#4 C:\xampp\htdocs\TDA-GRUPO4\app\Config\Events.php(52): CodeIgniter\Debug\Toolbar->respond()
#5 [internal function]: CodeIgniter\Events\Events::Config\{closure}()
#6 C:\xampp\htdocs\TDA-GRUPO4\system\Events\Events.php(166): call_user_func(Object(Closure))
#7 C:\xampp\htdocs\TDA-GRUPO4\system\CodeIgniter.php(314): CodeIgniter\Events\Events::trigger('pre_system')
#8 C:\xampp\htdocs\TDA-GRUPO4\index.php(44): CodeIgniter\CodeIgniter->run()
#9 {main}
ERROR - 2021-03-07 16:15:24 --> mysqli_sql_exception: Unknown column 'omms1' in 'where clause' in C:\xampp\htdocs\TDA-GRUPO4\system\Database\MySQLi\Connection.php:314
Stack trace:
#0 C:\xampp\htdocs\TDA-GRUPO4\system\Database\MySQLi\Connection.php(314): mysqli->query('SELECT * FROM u...')
#1 C:\xampp\htdocs\TDA-GRUPO4\system\Database\BaseConnection.php(713): CodeIgniter\Database\MySQLi\Connection->execute('SELECT * FROM u...')
#2 C:\xampp\htdocs\TDA-GRUPO4\system\Database\BaseConnection.php(641): CodeIgniter\Database\BaseConnection->simpleQuery('SELECT * FROM u...')
#3 C:\xampp\htdocs\TDA-GRUPO4\app\Models\ModelUser.php(24): CodeIgniter\Database\BaseConnection->query('SELECT * FROM u...')
#4 C:\xampp\htdocs\TDA-GRUPO4\app\Controllers\Login.php(49): App\Models\ModelUser->GetDataWhere('omms1')
#5 C:\xampp\htdocs\TDA-GRUPO4\system\CodeIgniter.php(936): App\Controllers\Login->testd()
#6 C:\xampp\htdocs\TDA-GRUPO4\system\CodeIgniter.php(432): CodeIgniter\CodeIgniter->runController(Object(App\Controllers\Login))
#7 C:\xampp\htdocs\TDA-GRUPO4\system\CodeIgniter.php(333): CodeIgniter\CodeIgniter->handleRequest(NULL, Object(Config\Cache), false)
#8 C:\xampp\htdocs\TDA-GRUPO4\index.php(44): CodeIgniter\CodeIgniter->run()
#9 {main}
CRITICAL - 2021-03-07 16:15:24 --> Unknown column 'omms1' in 'where clause'
#0 C:\xampp\htdocs\TDA-GRUPO4\system\Database\MySQLi\Connection.php(314): mysqli->query('SELECT * FROM u...')
#1 C:\xampp\htdocs\TDA-GRUPO4\system\Database\BaseConnection.php(713): CodeIgniter\Database\MySQLi\Connection->execute('SELECT * FROM u...')
#2 C:\xampp\htdocs\TDA-GRUPO4\system\Database\BaseConnection.php(641): CodeIgniter\Database\BaseConnection->simpleQuery('SELECT * FROM u...')
#3 C:\xampp\htdocs\TDA-GRUPO4\app\Models\ModelUser.php(24): CodeIgniter\Database\BaseConnection->query('SELECT * FROM u...')
#4 C:\xampp\htdocs\TDA-GRUPO4\app\Controllers\Login.php(49): App\Models\ModelUser->GetDataWhere('omms1')
#5 C:\xampp\htdocs\TDA-GRUPO4\system\CodeIgniter.php(936): App\Controllers\Login->testd()
#6 C:\xampp\htdocs\TDA-GRUPO4\system\CodeIgniter.php(432): CodeIgniter\CodeIgniter->runController(Object(App\Controllers\Login))
#7 C:\xampp\htdocs\TDA-GRUPO4\system\CodeIgniter.php(333): CodeIgniter\CodeIgniter->handleRequest(NULL, Object(Config\Cache), false)
#8 C:\xampp\htdocs\TDA-GRUPO4\index.php(44): CodeIgniter\CodeIgniter->run()
#9 {main}
ERROR - 2021-03-07 16:16:23 --> mysqli_sql_exception: Unknown column 'omms1' in 'where clause' in C:\xampp\htdocs\TDA-GRUPO4\system\Database\MySQLi\Connection.php:314
Stack trace:
#0 C:\xampp\htdocs\TDA-GRUPO4\system\Database\MySQLi\Connection.php(314): mysqli->query('SELECT * FROM u...')
#1 C:\xampp\htdocs\TDA-GRUPO4\system\Database\BaseConnection.php(713): CodeIgniter\Database\MySQLi\Connection->execute('SELECT * FROM u...')
#2 C:\xampp\htdocs\TDA-GRUPO4\system\Database\BaseConnection.php(641): CodeIgniter\Database\BaseConnection->simpleQuery('SELECT * FROM u...')
#3 C:\xampp\htdocs\TDA-GRUPO4\app\Models\ModelUser.php(24): CodeIgniter\Database\BaseConnection->query('SELECT * FROM u...')
#4 C:\xampp\htdocs\TDA-GRUPO4\app\Controllers\Login.php(49): App\Models\ModelUser->GetDataWhere('omms1')
#5 C:\xampp\htdocs\TDA-GRUPO4\system\CodeIgniter.php(936): App\Controllers\Login->testd()
#6 C:\xampp\htdocs\TDA-GRUPO4\system\CodeIgniter.php(432): CodeIgniter\CodeIgniter->runController(Object(App\Controllers\Login))
#7 C:\xampp\htdocs\TDA-GRUPO4\system\CodeIgniter.php(333): CodeIgniter\CodeIgniter->handleRequest(NULL, Object(Config\Cache), false)
#8 C:\xampp\htdocs\TDA-GRUPO4\index.php(44): CodeIgniter\CodeIgniter->run()
#9 {main}
CRITICAL - 2021-03-07 16:16:23 --> Unknown column 'omms1' in 'where clause'
#0 C:\xampp\htdocs\TDA-GRUPO4\system\Database\MySQLi\Connection.php(314): mysqli->query('SELECT * FROM u...')
#1 C:\xampp\htdocs\TDA-GRUPO4\system\Database\BaseConnection.php(713): CodeIgniter\Database\MySQLi\Connection->execute('SELECT * FROM u...')
#2 C:\xampp\htdocs\TDA-GRUPO4\system\Database\BaseConnection.php(641): CodeIgniter\Database\BaseConnection->simpleQuery('SELECT * FROM u...')
#3 C:\xampp\htdocs\TDA-GRUPO4\app\Models\ModelUser.php(24): CodeIgniter\Database\BaseConnection->query('SELECT * FROM u...')
#4 C:\xampp\htdocs\TDA-GRUPO4\app\Controllers\Login.php(49): App\Models\ModelUser->GetDataWhere('omms1')
#5 C:\xampp\htdocs\TDA-GRUPO4\system\CodeIgniter.php(936): App\Controllers\Login->testd()
#6 C:\xampp\htdocs\TDA-GRUPO4\system\CodeIgniter.php(432): CodeIgniter\CodeIgniter->runController(Object(App\Controllers\Login))
#7 C:\xampp\htdocs\TDA-GRUPO4\system\CodeIgniter.php(333): CodeIgniter\CodeIgniter->handleRequest(NULL, Object(Config\Cache), false)
#8 C:\xampp\htdocs\TDA-GRUPO4\index.php(44): CodeIgniter\CodeIgniter->run()
#9 {main}
CRITICAL - 2021-03-07 16:17:02 --> unlink(C:\xampp\htdocs\TDA-GRUPO4\writable\debugbar/debugbar_1615154896.json): No such file or directory
#0 [internal function]: CodeIgniter\Debug\Exceptions->errorHandler(2, 'unlink(C:\\xampp...', 'C:\\xampp\\htdocs...', 78, Array)
#1 C:\xampp\htdocs\TDA-GRUPO4\system\Debug\Toolbar\Collectors\History.php(78): unlink('C:\\xampp\\htdocs...')
#2 C:\xampp\htdocs\TDA-GRUPO4\system\Debug\Toolbar.php(441): CodeIgniter\Debug\Toolbar\Collectors\History->setFiles(1615155421, 20)
#3 C:\xampp\htdocs\TDA-GRUPO4\system\Debug\Toolbar.php(413): CodeIgniter\Debug\Toolbar->format(Array, 'html')
#4 C:\xampp\htdocs\TDA-GRUPO4\app\Config\Events.php(52): CodeIgniter\Debug\Toolbar->respond()
#5 [internal function]: CodeIgniter\Events\Events::Config\{closure}()
#6 C:\xampp\htdocs\TDA-GRUPO4\system\Events\Events.php(166): call_user_func(Object(Closure))
#7 C:\xampp\htdocs\TDA-GRUPO4\system\CodeIgniter.php(314): CodeIgniter\Events\Events::trigger('pre_system')
#8 C:\xampp\htdocs\TDA-GRUPO4\index.php(44): CodeIgniter\CodeIgniter->run()
#9 {main}
ERROR - 2021-03-07 16:17:25 --> mysqli_sql_exception: Unknown column 'omms1' in 'where clause' in C:\xampp\htdocs\TDA-GRUPO4\system\Database\MySQLi\Connection.php:314
Stack trace:
#0 C:\xampp\htdocs\TDA-GRUPO4\system\Database\MySQLi\Connection.php(314): mysqli->query('SELECT * FROM u...')
#1 C:\xampp\htdocs\TDA-GRUPO4\system\Database\BaseConnection.php(713): CodeIgniter\Database\MySQLi\Connection->execute('SELECT * FROM u...')
#2 C:\xampp\htdocs\TDA-GRUPO4\system\Database\BaseConnection.php(641): CodeIgniter\Database\BaseConnection->simpleQuery('SELECT * FROM u...')
#3 C:\xampp\htdocs\TDA-GRUPO4\app\Models\ModelUser.php(24): CodeIgniter\Database\BaseConnection->query('SELECT * FROM u...')
#4 C:\xampp\htdocs\TDA-GRUPO4\app\Controllers\Login.php(49): App\Models\ModelUser->GetDataWhere('username')
#5 C:\xampp\htdocs\TDA-GRUPO4\system\CodeIgniter.php(936): App\Controllers\Login->testd()
#6 C:\xampp\htdocs\TDA-GRUPO4\system\CodeIgniter.php(432): CodeIgniter\CodeIgniter->runController(Object(App\Controllers\Login))
#7 C:\xampp\htdocs\TDA-GRUPO4\system\CodeIgniter.php(333): CodeIgniter\CodeIgniter->handleRequest(NULL, Object(Config\Cache), false)
#8 C:\xampp\htdocs\TDA-GRUPO4\index.php(44): CodeIgniter\CodeIgniter->run()
#9 {main}
CRITICAL - 2021-03-07 16:17:25 --> Unknown column 'omms1' in 'where clause'
#0 C:\xampp\htdocs\TDA-GRUPO4\system\Database\MySQLi\Connection.php(314): mysqli->query('SELECT * FROM u...')
#1 C:\xampp\htdocs\TDA-GRUPO4\system\Database\BaseConnection.php(713): CodeIgniter\Database\MySQLi\Connection->execute('SELECT * FROM u...')
#2 C:\xampp\htdocs\TDA-GRUPO4\system\Database\BaseConnection.php(641): CodeIgniter\Database\BaseConnection->simpleQuery('SELECT * FROM u...')
#3 C:\xampp\htdocs\TDA-GRUPO4\app\Models\ModelUser.php(24): CodeIgniter\Database\BaseConnection->query('SELECT * FROM u...')
#4 C:\xampp\htdocs\TDA-GRUPO4\app\Controllers\Login.php(49): App\Models\ModelUser->GetDataWhere('username')
#5 C:\xampp\htdocs\TDA-GRUPO4\system\CodeIgniter.php(936): App\Controllers\Login->testd()
#6 C:\xampp\htdocs\TDA-GRUPO4\system\CodeIgniter.php(432): CodeIgniter\CodeIgniter->runController(Object(App\Controllers\Login))
#7 C:\xampp\htdocs\TDA-GRUPO4\system\CodeIgniter.php(333): CodeIgniter\CodeIgniter->handleRequest(NULL, Object(Config\Cache), false)
#8 C:\xampp\htdocs\TDA-GRUPO4\index.php(44): CodeIgniter\CodeIgniter->run()
#9 {main}
ERROR - 2021-03-07 16:17:26 --> mysqli_sql_exception: Unknown column 'omms1' in 'where clause' in C:\xampp\htdocs\TDA-GRUPO4\system\Database\MySQLi\Connection.php:314
Stack trace:
#0 C:\xampp\htdocs\TDA-GRUPO4\system\Database\MySQLi\Connection.php(314): mysqli->query('SELECT * FROM u...')
#1 C:\xampp\htdocs\TDA-GRUPO4\system\Database\BaseConnection.php(713): CodeIgniter\Database\MySQLi\Connection->execute('SELECT * FROM u...')
#2 C:\xampp\htdocs\TDA-GRUPO4\system\Database\BaseConnection.php(641): CodeIgniter\Database\BaseConnection->simpleQuery('SELECT * FROM u...')
#3 C:\xampp\htdocs\TDA-GRUPO4\app\Models\ModelUser.php(24): CodeIgniter\Database\BaseConnection->query('SELECT * FROM u...')
#4 C:\xampp\htdocs\TDA-GRUPO4\app\Controllers\Login.php(49): App\Models\ModelUser->GetDataWhere('username')
#5 C:\xampp\htdocs\TDA-GRUPO4\system\CodeIgniter.php(936): App\Controllers\Login->testd()
#6 C:\xampp\htdocs\TDA-GRUPO4\system\CodeIgniter.php(432): CodeIgniter\CodeIgniter->runController(Object(App\Controllers\Login))
#7 C:\xampp\htdocs\TDA-GRUPO4\system\CodeIgniter.php(333): CodeIgniter\CodeIgniter->handleRequest(NULL, Object(Config\Cache), false)
#8 C:\xampp\htdocs\TDA-GRUPO4\index.php(44): CodeIgniter\CodeIgniter->run()
#9 {main}
CRITICAL - 2021-03-07 16:17:26 --> Unknown column 'omms1' in 'where clause'
#0 C:\xampp\htdocs\TDA-GRUPO4\system\Database\MySQLi\Connection.php(314): mysqli->query('SELECT * FROM u...')
#1 C:\xampp\htdocs\TDA-GRUPO4\system\Database\BaseConnection.php(713): CodeIgniter\Database\MySQLi\Connection->execute('SELECT * FROM u...')
#2 C:\xampp\htdocs\TDA-GRUPO4\system\Database\BaseConnection.php(641): CodeIgniter\Database\BaseConnection->simpleQuery('SELECT * FROM u...')
#3 C:\xampp\htdocs\TDA-GRUPO4\app\Models\ModelUser.php(24): CodeIgniter\Database\BaseConnection->query('SELECT * FROM u...')
#4 C:\xampp\htdocs\TDA-GRUPO4\app\Controllers\Login.php(49): App\Models\ModelUser->GetDataWhere('username')
#5 C:\xampp\htdocs\TDA-GRUPO4\system\CodeIgniter.php(936): App\Controllers\Login->testd()
#6 C:\xampp\htdocs\TDA-GRUPO4\system\CodeIgniter.php(432): CodeIgniter\CodeIgniter->runController(Object(App\Controllers\Login))
#7 C:\xampp\htdocs\TDA-GRUPO4\system\CodeIgniter.php(333): CodeIgniter\CodeIgniter->handleRequest(NULL, Object(Config\Cache), false)
#8 C:\xampp\htdocs\TDA-GRUPO4\index.php(44): CodeIgniter\CodeIgniter->run()
#9 {main}
ERROR - 2021-03-07 16:21:58 --> mysqli_sql_exception: Table 'universidad.users' doesn't exist in C:\xampp\htdocs\TDA-GRUPO4\system\Database\MySQLi\Connection.php:314
Stack trace:
#0 C:\xampp\htdocs\TDA-GRUPO4\system\Database\MySQLi\Connection.php(314): mysqli->query('SELECT *\nFROM `...')
#1 C:\xampp\htdocs\TDA-GRUPO4\system\Database\BaseConnection.php(713): CodeIgniter\Database\MySQLi\Connection->execute('SELECT *\nFROM `...')
#2 C:\xampp\htdocs\TDA-GRUPO4\system\Database\BaseConnection.php(641): CodeIgniter\Database\BaseConnection->simpleQuery('SELECT *\nFROM `...')
#3 C:\xampp\htdocs\TDA-GRUPO4\system\Database\BaseBuilder.php(1866): CodeIgniter\Database\BaseConnection->query('SELECT *\nFROM `...', Array, false)
#4 C:\xampp\htdocs\TDA-GRUPO4\app\Models\ModelUser.php(26): CodeIgniter\Database\BaseBuilder->get()
#5 C:\xampp\htdocs\TDA-GRUPO4\app\Controllers\Login.php(49): App\Models\ModelUser->GetDataWhere('username')
#6 C:\xampp\htdocs\TDA-GRUPO4\system\CodeIgniter.php(936): App\Controllers\Login->testd()
#7 C:\xampp\htdocs\TDA-GRUPO4\system\CodeIgniter.php(432): CodeIgniter\CodeIgniter->runController(Object(App\Controllers\Login))
#8 C:\xampp\htdocs\TDA-GRUPO4\system\CodeIgniter.php(333): CodeIgniter\CodeIgniter->handleRequest(NULL, Object(Config\Cache), false)
#9 C:\xampp\htdocs\TDA-GRUPO4\index.php(44): CodeIgniter\CodeIgniter->run()
#10 {main}
CRITICAL - 2021-03-07 16:21:58 --> Table 'universidad.users' doesn't exist
#0 C:\xampp\htdocs\TDA-GRUPO4\system\Database\MySQLi\Connection.php(314): mysqli->query('SELECT *\nFROM `...')
#1 C:\xampp\htdocs\TDA-GRUPO4\system\Database\BaseConnection.php(713): CodeIgniter\Database\MySQLi\Connection->execute('SELECT *\nFROM `...')
#2 C:\xampp\htdocs\TDA-GRUPO4\system\Database\BaseConnection.php(641): CodeIgniter\Database\BaseConnection->simpleQuery('SELECT *\nFROM `...')
#3 C:\xampp\htdocs\TDA-GRUPO4\system\Database\BaseBuilder.php(1866): CodeIgniter\Database\BaseConnection->query('SELECT *\nFROM `...', Array, false)
#4 C:\xampp\htdocs\TDA-GRUPO4\app\Models\ModelUser.php(26): CodeIgniter\Database\BaseBuilder->get()
#5 C:\xampp\htdocs\TDA-GRUPO4\app\Controllers\Login.php(49): App\Models\ModelUser->GetDataWhere('username')
#6 C:\xampp\htdocs\TDA-GRUPO4\system\CodeIgniter.php(936): App\Controllers\Login->testd()
#7 C:\xampp\htdocs\TDA-GRUPO4\system\CodeIgniter.php(432): CodeIgniter\CodeIgniter->runController(Object(App\Controllers\Login))
#8 C:\xampp\htdocs\TDA-GRUPO4\system\CodeIgniter.php(333): CodeIgniter\CodeIgniter->handleRequest(NULL, Object(Config\Cache), false)
#9 C:\xampp\htdocs\TDA-GRUPO4\index.php(44): CodeIgniter\CodeIgniter->run()
#10 {main}
ERROR - 2021-03-07 16:21:59 --> mysqli_sql_exception: Table 'universidad.users' doesn't exist in C:\xampp\htdocs\TDA-GRUPO4\system\Database\MySQLi\Connection.php:314
Stack trace:
#0 C:\xampp\htdocs\TDA-GRUPO4\system\Database\MySQLi\Connection.php(314): mysqli->query('SELECT *\nFROM `...')
#1 C:\xampp\htdocs\TDA-GRUPO4\system\Database\BaseConnection.php(713): CodeIgniter\Database\MySQLi\Connection->execute('SELECT *\nFROM `...')
#2 C:\xampp\htdocs\TDA-GRUPO4\system\Database\BaseConnection.php(641): CodeIgniter\Database\BaseConnection->simpleQuery('SELECT *\nFROM `...')
#3 C:\xampp\htdocs\TDA-GRUPO4\system\Database\BaseBuilder.php(1866): CodeIgniter\Database\BaseConnection->query('SELECT *\nFROM `...', Array, false)
#4 C:\xampp\htdocs\TDA-GRUPO4\app\Models\ModelUser.php(26): CodeIgniter\Database\BaseBuilder->get()
#5 C:\xampp\htdocs\TDA-GRUPO4\app\Controllers\Login.php(49): App\Models\ModelUser->GetDataWhere('username')
#6 C:\xampp\htdocs\TDA-GRUPO4\system\CodeIgniter.php(936): App\Controllers\Login->testd()
#7 C:\xampp\htdocs\TDA-GRUPO4\system\CodeIgniter.php(432): CodeIgniter\CodeIgniter->runController(Object(App\Controllers\Login))
#8 C:\xampp\htdocs\TDA-GRUPO4\system\CodeIgniter.php(333): CodeIgniter\CodeIgniter->handleRequest(NULL, Object(Config\Cache), false)
#9 C:\xampp\htdocs\TDA-GRUPO4\index.php(44): CodeIgniter\CodeIgniter->run()
#10 {main}
CRITICAL - 2021-03-07 16:21:59 --> Table 'universidad.users' doesn't exist
#0 C:\xampp\htdocs\TDA-GRUPO4\system\Database\MySQLi\Connection.php(314): mysqli->query('SELECT *\nFROM `...')
#1 C:\xampp\htdocs\TDA-GRUPO4\system\Database\BaseConnection.php(713): CodeIgniter\Database\MySQLi\Connection->execute('SELECT *\nFROM `...')
#2 C:\xampp\htdocs\TDA-GRUPO4\system\Database\BaseConnection.php(641): CodeIgniter\Database\BaseConnection->simpleQuery('SELECT *\nFROM `...')
#3 C:\xampp\htdocs\TDA-GRUPO4\system\Database\BaseBuilder.php(1866): CodeIgniter\Database\BaseConnection->query('SELECT *\nFROM `...', Array, false)
#4 C:\xampp\htdocs\TDA-GRUPO4\app\Models\ModelUser.php(26): CodeIgniter\Database\BaseBuilder->get()
#5 C:\xampp\htdocs\TDA-GRUPO4\app\Controllers\Login.php(49): App\Models\ModelUser->GetDataWhere('username')
#6 C:\xampp\htdocs\TDA-GRUPO4\system\CodeIgniter.php(936): App\Controllers\Login->testd()
#7 C:\xampp\htdocs\TDA-GRUPO4\system\CodeIgniter.php(432): CodeIgniter\CodeIgniter->runController(Object(App\Controllers\Login))
#8 C:\xampp\htdocs\TDA-GRUPO4\system\CodeIgniter.php(333): CodeIgniter\CodeIgniter->handleRequest(NULL, Object(Config\Cache), false)
#9 C:\xampp\htdocs\TDA-GRUPO4\index.php(44): CodeIgniter\CodeIgniter->run()
#10 {main}
ERROR - 2021-03-07 16:22:41 --> mysqli_sql_exception: Table 'universidad.users' doesn't exist in C:\xampp\htdocs\TDA-GRUPO4\system\Database\MySQLi\Connection.php:314
Stack trace:
#0 C:\xampp\htdocs\TDA-GRUPO4\system\Database\MySQLi\Connection.php(314): mysqli->query('SELECT *\nFROM `...')
#1 C:\xampp\htdocs\TDA-GRUPO4\system\Database\BaseConnection.php(713): CodeIgniter\Database\MySQLi\Connection->execute('SELECT *\nFROM `...')
#2 C:\xampp\htdocs\TDA-GRUPO4\system\Database\BaseConnection.php(641): CodeIgniter\Database\BaseConnection->simpleQuery('SELECT *\nFROM `...')
#3 C:\xampp\htdocs\TDA-GRUPO4\system\Database\BaseBuilder.php(1866): CodeIgniter\Database\BaseConnection->query('SELECT *\nFROM `...', Array, false)
#4 C:\xampp\htdocs\TDA-GRUPO4\app\Models\ModelUser.php(26): CodeIgniter\Database\BaseBuilder->get()
#5 C:\xampp\htdocs\TDA-GRUPO4\app\Controllers\Login.php(49): App\Models\ModelUser->GetDataWhere('username')
#6 C:\xampp\htdocs\TDA-GRUPO4\system\CodeIgniter.php(936): App\Controllers\Login->testd()
#7 C:\xampp\htdocs\TDA-GRUPO4\system\CodeIgniter.php(432): CodeIgniter\CodeIgniter->runController(Object(App\Controllers\Login))
#8 C:\xampp\htdocs\TDA-GRUPO4\system\CodeIgniter.php(333): CodeIgniter\CodeIgniter->handleRequest(NULL, Object(Config\Cache), false)
#9 C:\xampp\htdocs\TDA-GRUPO4\index.php(44): CodeIgniter\CodeIgniter->run()
#10 {main}
CRITICAL - 2021-03-07 16:22:41 --> Table 'universidad.users' doesn't exist
#0 C:\xampp\htdocs\TDA-GRUPO4\system\Database\MySQLi\Connection.php(314): mysqli->query('SELECT *\nFROM `...')
#1 C:\xampp\htdocs\TDA-GRUPO4\system\Database\BaseConnection.php(713): CodeIgniter\Database\MySQLi\Connection->execute('SELECT *\nFROM `...')
#2 C:\xampp\htdocs\TDA-GRUPO4\system\Database\BaseConnection.php(641): CodeIgniter\Database\BaseConnection->simpleQuery('SELECT *\nFROM `...')
#3 C:\xampp\htdocs\TDA-GRUPO4\system\Database\BaseBuilder.php(1866): CodeIgniter\Database\BaseConnection->query('SELECT *\nFROM `...', Array, false)
#4 C:\xampp\htdocs\TDA-GRUPO4\app\Models\ModelUser.php(26): CodeIgniter\Database\BaseBuilder->get()
#5 C:\xampp\htdocs\TDA-GRUPO4\app\Controllers\Login.php(49): App\Models\ModelUser->GetDataWhere('username')
#6 C:\xampp\htdocs\TDA-GRUPO4\system\CodeIgniter.php(936): App\Controllers\Login->testd()
#7 C:\xampp\htdocs\TDA-GRUPO4\system\CodeIgniter.php(432): CodeIgniter\CodeIgniter->runController(Object(App\Controllers\Login))
#8 C:\xampp\htdocs\TDA-GRUPO4\system\CodeIgniter.php(333): CodeIgniter\CodeIgniter->handleRequest(NULL, Object(Config\Cache), false)
#9 C:\xampp\htdocs\TDA-GRUPO4\index.php(44): CodeIgniter\CodeIgniter->run()
#10 {main}
ERROR - 2021-03-07 16:22:42 --> mysqli_sql_exception: Table 'universidad.users' doesn't exist in C:\xampp\htdocs\TDA-GRUPO4\system\Database\MySQLi\Connection.php:314
Stack trace:
#0 C:\xampp\htdocs\TDA-GRUPO4\system\Database\MySQLi\Connection.php(314): mysqli->query('SELECT *\nFROM `...')
#1 C:\xampp\htdocs\TDA-GRUPO4\system\Database\BaseConnection.php(713): CodeIgniter\Database\MySQLi\Connection->execute('SELECT *\nFROM `...')
#2 C:\xampp\htdocs\TDA-GRUPO4\system\Database\BaseConnection.php(641): CodeIgniter\Database\BaseConnection->simpleQuery('SELECT *\nFROM `...')
#3 C:\xampp\htdocs\TDA-GRUPO4\system\Database\BaseBuilder.php(1866): CodeIgniter\Database\BaseConnection->query('SELECT *\nFROM `...', Array, false)
#4 C:\xampp\htdocs\TDA-GRUPO4\app\Models\ModelUser.php(26): CodeIgniter\Database\BaseBuilder->get()
#5 C:\xampp\htdocs\TDA-GRUPO4\app\Controllers\Login.php(49): App\Models\ModelUser->GetDataWhere('username')
#6 C:\xampp\htdocs\TDA-GRUPO4\system\CodeIgniter.php(936): App\Controllers\Login->testd()
#7 C:\xampp\htdocs\TDA-GRUPO4\system\CodeIgniter.php(432): CodeIgniter\CodeIgniter->runController(Object(App\Controllers\Login))
#8 C:\xampp\htdocs\TDA-GRUPO4\system\CodeIgniter.php(333): CodeIgniter\CodeIgniter->handleRequest(NULL, Object(Config\Cache), false)
#9 C:\xampp\htdocs\TDA-GRUPO4\index.php(44): CodeIgniter\CodeIgniter->run()
#10 {main}
CRITICAL - 2021-03-07 16:22:42 --> Table 'universidad.users' doesn't exist
#0 C:\xampp\htdocs\TDA-GRUPO4\system\Database\MySQLi\Connection.php(314): mysqli->query('SELECT *\nFROM `...')
#1 C:\xampp\htdocs\TDA-GRUPO4\system\Database\BaseConnection.php(713): CodeIgniter\Database\MySQLi\Connection->execute('SELECT *\nFROM `...')
#2 C:\xampp\htdocs\TDA-GRUPO4\system\Database\BaseConnection.php(641): CodeIgniter\Database\BaseConnection->simpleQuery('SELECT *\nFROM `...')
#3 C:\xampp\htdocs\TDA-GRUPO4\system\Database\BaseBuilder.php(1866): CodeIgniter\Database\BaseConnection->query('SELECT *\nFROM `...', Array, false)
#4 C:\xampp\htdocs\TDA-GRUPO4\app\Models\ModelUser.php(26): CodeIgniter\Database\BaseBuilder->get()
#5 C:\xampp\htdocs\TDA-GRUPO4\app\Controllers\Login.php(49): App\Models\ModelUser->GetDataWhere('username')
#6 C:\xampp\htdocs\TDA-GRUPO4\system\CodeIgniter.php(936): App\Controllers\Login->testd()
#7 C:\xampp\htdocs\TDA-GRUPO4\system\CodeIgniter.php(432): CodeIgniter\CodeIgniter->runController(Object(App\Controllers\Login))
#8 C:\xampp\htdocs\TDA-GRUPO4\system\CodeIgniter.php(333): CodeIgniter\CodeIgniter->handleRequest(NULL, Object(Config\Cache), false)
#9 C:\xampp\htdocs\TDA-GRUPO4\index.php(44): CodeIgniter\CodeIgniter->run()
#10 {main}
CRITICAL - 2021-03-07 16:22:46 --> unlink(C:\xampp\htdocs\TDA-GRUPO4\writable\debugbar/debugbar_1615155065.json): No such file or directory
#0 [internal function]: CodeIgniter\Debug\Exceptions->errorHandler(2, 'unlink(C:\\xampp...', 'C:\\xampp\\htdocs...', 78, Array)
#1 C:\xampp\htdocs\TDA-GRUPO4\system\Debug\Toolbar\Collectors\History.php(78): unlink('C:\\xampp\\htdocs...')
#2 C:\xampp\htdocs\TDA-GRUPO4\system\Debug\Toolbar.php(441): CodeIgniter\Debug\Toolbar\Collectors\History->setFiles(1615155766, 20)
#3 C:\xampp\htdocs\TDA-GRUPO4\system\Debug\Toolbar.php(413): CodeIgniter\Debug\Toolbar->format(Array, 'html')
#4 C:\xampp\htdocs\TDA-GRUPO4\app\Config\Events.php(52): CodeIgniter\Debug\Toolbar->respond()
#5 [internal function]: CodeIgniter\Events\Events::Config\{closure}()
#6 C:\xampp\htdocs\TDA-GRUPO4\system\Events\Events.php(166): call_user_func(Object(Closure))
#7 C:\xampp\htdocs\TDA-GRUPO4\system\CodeIgniter.php(314): CodeIgniter\Events\Events::trigger('pre_system')
#8 C:\xampp\htdocs\TDA-GRUPO4\index.php(44): CodeIgniter\CodeIgniter->run()
#9 {main}
ERROR - 2021-03-07 16:23:35 --> mysqli_sql_exception: Table 'universidad.users' doesn't exist in C:\xampp\htdocs\TDA-GRUPO4\system\Database\MySQLi\Connection.php:314
Stack trace:
#0 C:\xampp\htdocs\TDA-GRUPO4\system\Database\MySQLi\Connection.php(314): mysqli->query('SELECT *\nFROM `...')
#1 C:\xampp\htdocs\TDA-GRUPO4\system\Database\BaseConnection.php(713): CodeIgniter\Database\MySQLi\Connection->execute('SELECT *\nFROM `...')
#2 C:\xampp\htdocs\TDA-GRUPO4\system\Database\BaseConnection.php(641): CodeIgniter\Database\BaseConnection->simpleQuery('SELECT *\nFROM `...')
#3 C:\xampp\htdocs\TDA-GRUPO4\system\Database\BaseBuilder.php(1866): CodeIgniter\Database\BaseConnection->query('SELECT *\nFROM `...', Array, false)
#4 C:\xampp\htdocs\TDA-GRUPO4\app\Models\ModelUser.php(26): CodeIgniter\Database\BaseBuilder->get()
#5 C:\xampp\htdocs\TDA-GRUPO4\app\Controllers\Login.php(49): App\Models\ModelUser->GetDataWhere(Array)
#6 C:\xampp\htdocs\TDA-GRUPO4\system\CodeIgniter.php(936): App\Controllers\Login->testd()
#7 C:\xampp\htdocs\TDA-GRUPO4\system\CodeIgniter.php(432): CodeIgniter\CodeIgniter->runController(Object(App\Controllers\Login))
#8 C:\xampp\htdocs\TDA-GRUPO4\system\CodeIgniter.php(333): CodeIgniter\CodeIgniter->handleRequest(NULL, Object(Config\Cache), false)
#9 C:\xampp\htdocs\TDA-GRUPO4\index.php(44): CodeIgniter\CodeIgniter->run()
#10 {main}
CRITICAL - 2021-03-07 16:23:35 --> Table 'universidad.users' doesn't exist
#0 C:\xampp\htdocs\TDA-GRUPO4\system\Database\MySQLi\Connection.php(314): mysqli->query('SELECT *\nFROM `...')
#1 C:\xampp\htdocs\TDA-GRUPO4\system\Database\BaseConnection.php(713): CodeIgniter\Database\MySQLi\Connection->execute('SELECT *\nFROM `...')
#2 C:\xampp\htdocs\TDA-GRUPO4\system\Database\BaseConnection.php(641): CodeIgniter\Database\BaseConnection->simpleQuery('SELECT *\nFROM `...')
#3 C:\xampp\htdocs\TDA-GRUPO4\system\Database\BaseBuilder.php(1866): CodeIgniter\Database\BaseConnection->query('SELECT *\nFROM `...', Array, false)
#4 C:\xampp\htdocs\TDA-GRUPO4\app\Models\ModelUser.php(26): CodeIgniter\Database\BaseBuilder->get()
#5 C:\xampp\htdocs\TDA-GRUPO4\app\Controllers\Login.php(49): App\Models\ModelUser->GetDataWhere(Array)
#6 C:\xampp\htdocs\TDA-GRUPO4\system\CodeIgniter.php(936): App\Controllers\Login->testd()
#7 C:\xampp\htdocs\TDA-GRUPO4\system\CodeIgniter.php(432): CodeIgniter\CodeIgniter->runController(Object(App\Controllers\Login))
#8 C:\xampp\htdocs\TDA-GRUPO4\system\CodeIgniter.php(333): CodeIgniter\CodeIgniter->handleRequest(NULL, Object(Config\Cache), false)
#9 C:\xampp\htdocs\TDA-GRUPO4\index.php(44): CodeIgniter\CodeIgniter->run()
#10 {main}
CRITICAL - 2021-03-07 16:23:49 --> unlink(C:\xampp\htdocs\TDA-GRUPO4\writable\debugbar/debugbar_1615155223.json): No such file or directory
#0 [internal function]: CodeIgniter\Debug\Exceptions->errorHandler(2, 'unlink(C:\\xampp...', 'C:\\xampp\\htdocs...', 78, Array)
#1 C:\xampp\htdocs\TDA-GRUPO4\system\Debug\Toolbar\Collectors\History.php(78): unlink('C:\\xampp\\htdocs...')
#2 C:\xampp\htdocs\TDA-GRUPO4\system\Debug\Toolbar.php(441): CodeIgniter\Debug\Toolbar\Collectors\History->setFiles(1615155829, 20)
#3 C:\xampp\htdocs\TDA-GRUPO4\system\Debug\Toolbar.php(413): CodeIgniter\Debug\Toolbar->format(Array, 'html')
#4 C:\xampp\htdocs\TDA-GRUPO4\app\Config\Events.php(52): CodeIgniter\Debug\Toolbar->respond()
#5 [internal function]: CodeIgniter\Events\Events::Config\{closure}()
#6 C:\xampp\htdocs\TDA-GRUPO4\system\Events\Events.php(166): call_user_func(Object(Closure))
#7 C:\xampp\htdocs\TDA-GRUPO4\system\CodeIgniter.php(314): CodeIgniter\Events\Events::trigger('pre_system')
#8 C:\xampp\htdocs\TDA-GRUPO4\index.php(44): CodeIgniter\CodeIgniter->run()
#9 {main}
CRITICAL - 2021-03-07 16:23:55 --> unlink(C:\xampp\htdocs\TDA-GRUPO4\writable\debugbar/debugbar_1615155229.json): No such file or directory
#0 [internal function]: CodeIgniter\Debug\Exceptions->errorHandler(2, 'unlink(C:\\xampp...', 'C:\\xampp\\htdocs...', 78, Array)
#1 C:\xampp\htdocs\TDA-GRUPO4\system\Debug\Toolbar\Collectors\History.php(78): unlink('C:\\xampp\\htdocs...')
#2 C:\xampp\htdocs\TDA-GRUPO4\system\Debug\Toolbar.php(441): CodeIgniter\Debug\Toolbar\Collectors\History->setFiles(1615155835, 20)
#3 C:\xampp\htdocs\TDA-GRUPO4\system\Debug\Toolbar.php(413): CodeIgniter\Debug\Toolbar->format(Array, 'html')
#4 C:\xampp\htdocs\TDA-GRUPO4\app\Config\Events.php(52): CodeIgniter\Debug\Toolbar->respond()
#5 [internal function]: CodeIgniter\Events\Events::Config\{closure}()
#6 C:\xampp\htdocs\TDA-GRUPO4\system\Events\Events.php(166): call_user_func(Object(Closure))
#7 C:\xampp\htdocs\TDA-GRUPO4\system\CodeIgniter.php(314): CodeIgniter\Events\Events::trigger('pre_system')
#8 C:\xampp\htdocs\TDA-GRUPO4\index.php(44): CodeIgniter\CodeIgniter->run()
#9 {main}
CRITICAL - 2021-03-07 16:24:45 --> unlink(C:\xampp\htdocs\TDA-GRUPO4\writable\debugbar/debugbar_1615155383.json): No such file or directory
#0 [internal function]: CodeIgniter\Debug\Exceptions->errorHandler(2, 'unlink(C:\\xampp...', 'C:\\xampp\\htdocs...', 78, Array)
#1 C:\xampp\htdocs\TDA-GRUPO4\system\Debug\Toolbar\Collectors\History.php(78): unlink('C:\\xampp\\htdocs...')
#2 C:\xampp\htdocs\TDA-GRUPO4\system\Debug\Toolbar.php(441): CodeIgniter\Debug\Toolbar\Collectors\History->setFiles(1615155884, 20)
#3 C:\xampp\htdocs\TDA-GRUPO4\system\Debug\Toolbar.php(413): CodeIgniter\Debug\Toolbar->format(Array, 'html')
#4 C:\xampp\htdocs\TDA-GRUPO4\app\Config\Events.php(52): CodeIgniter\Debug\Toolbar->respond()
#5 [internal function]: CodeIgniter\Events\Events::Config\{closure}()
#6 C:\xampp\htdocs\TDA-GRUPO4\system\Events\Events.php(166): call_user_func(Object(Closure))
#7 C:\xampp\htdocs\TDA-GRUPO4\system\CodeIgniter.php(314): CodeIgniter\Events\Events::trigger('pre_system')
#8 C:\xampp\htdocs\TDA-GRUPO4\index.php(44): CodeIgniter\CodeIgniter->run()
#9 {main}
CRITICAL - 2021-03-07 16:24:50 --> unlink(C:\xampp\htdocs\TDA-GRUPO4\writable\debugbar/debugbar_1615155422.json): No such file or directory
#0 [internal function]: CodeIgniter\Debug\Exceptions->errorHandler(2, 'unlink(C:\\xampp...', 'C:\\xampp\\htdocs...', 78, Array)
#1 C:\xampp\htdocs\TDA-GRUPO4\system\Debug\Toolbar\Collectors\History.php(78): unlink('C:\\xampp\\htdocs...')
#2 C:\xampp\htdocs\TDA-GRUPO4\system\Debug\Toolbar.php(441): CodeIgniter\Debug\Toolbar\Collectors\History->setFiles(1615155890, 20)
#3 C:\xampp\htdocs\TDA-GRUPO4\system\Debug\Toolbar.php(413): CodeIgniter\Debug\Toolbar->format(Array, 'html')
#4 C:\xampp\htdocs\TDA-GRUPO4\app\Config\Events.php(52): CodeIgniter\Debug\Toolbar->respond()
#5 [internal function]: CodeIgniter\Events\Events::Config\{closure}()
#6 C:\xampp\htdocs\TDA-GRUPO4\system\Events\Events.php(166): call_user_func(Object(Closure))
#7 C:\xampp\htdocs\TDA-GRUPO4\system\CodeIgniter.php(314): CodeIgniter\Events\Events::trigger('pre_system')
#8 C:\xampp\htdocs\TDA-GRUPO4\index.php(44): CodeIgniter\CodeIgniter->run()
#9 {main}
CRITICAL - 2021-03-07 16:25:39 --> Undefined offset: 0
#0 C:\xampp\htdocs\TDA-GRUPO4\app\Models\ModelUser.php(26): CodeIgniter\Debug\Exceptions->errorHandler(8, 'Undefined offse...', 'C:\\xampp\\htdocs...', 26, Array)
#1 C:\xampp\htdocs\TDA-GRUPO4\app\Controllers\Login.php(51): App\Models\ModelUser->GetDataWhere(Array)
#2 C:\xampp\htdocs\TDA-GRUPO4\system\CodeIgniter.php(936): App\Controllers\Login->testd()
#3 C:\xampp\htdocs\TDA-GRUPO4\system\CodeIgniter.php(432): CodeIgniter\CodeIgniter->runController(Object(App\Controllers\Login))
#4 C:\xampp\htdocs\TDA-GRUPO4\system\CodeIgniter.php(333): CodeIgniter\CodeIgniter->handleRequest(NULL, Object(Config\Cache), false)
#5 C:\xampp\htdocs\TDA-GRUPO4\index.php(44): CodeIgniter\CodeIgniter->run()
#6 {main}
CRITICAL - 2021-03-07 16:25:40 --> Undefined offset: 0
#0 C:\xampp\htdocs\TDA-GRUPO4\app\Models\ModelUser.php(26): CodeIgniter\Debug\Exceptions->errorHandler(8, 'Undefined offse...', 'C:\\xampp\\htdocs...', 26, Array)
#1 C:\xampp\htdocs\TDA-GRUPO4\app\Controllers\Login.php(51): App\Models\ModelUser->GetDataWhere(Array)
#2 C:\xampp\htdocs\TDA-GRUPO4\system\CodeIgniter.php(936): App\Controllers\Login->testd()
#3 C:\xampp\htdocs\TDA-GRUPO4\system\CodeIgniter.php(432): CodeIgniter\CodeIgniter->runController(Object(App\Controllers\Login))
#4 C:\xampp\htdocs\TDA-GRUPO4\system\CodeIgniter.php(333): CodeIgniter\CodeIgniter->handleRequest(NULL, Object(Config\Cache), false)
#5 C:\xampp\htdocs\TDA-GRUPO4\index.php(44): CodeIgniter\CodeIgniter->run()
#6 {main}
CRITICAL - 2021-03-07 16:25:40 --> Undefined offset: 0
#0 C:\xampp\htdocs\TDA-GRUPO4\app\Models\ModelUser.php(26): CodeIgniter\Debug\Exceptions->errorHandler(8, 'Undefined offse...', 'C:\\xampp\\htdocs...', 26, Array)
#1 C:\xampp\htdocs\TDA-GRUPO4\app\Controllers\Login.php(51): App\Models\ModelUser->GetDataWhere(Array)
#2 C:\xampp\htdocs\TDA-GRUPO4\system\CodeIgniter.php(936): App\Controllers\Login->testd()
#3 C:\xampp\htdocs\TDA-GRUPO4\system\CodeIgniter.php(432): CodeIgniter\CodeIgniter->runController(Object(App\Controllers\Login))
#4 C:\xampp\htdocs\TDA-GRUPO4\system\CodeIgniter.php(333): CodeIgniter\CodeIgniter->handleRequest(NULL, Object(Config\Cache), false)
#5 C:\xampp\htdocs\TDA-GRUPO4\index.php(44): CodeIgniter\CodeIgniter->run()
#6 {main}
CRITICAL - 2021-03-07 16:25:41 --> Undefined offset: 0
#0 C:\xampp\htdocs\TDA-GRUPO4\app\Models\ModelUser.php(26): CodeIgniter\Debug\Exceptions->errorHandler(8, 'Undefined offse...', 'C:\\xampp\\htdocs...', 26, Array)
#1 C:\xampp\htdocs\TDA-GRUPO4\app\Controllers\Login.php(51): App\Models\ModelUser->GetDataWhere(Array)
#2 C:\xampp\htdocs\TDA-GRUPO4\system\CodeIgniter.php(936): App\Controllers\Login->testd()
#3 C:\xampp\htdocs\TDA-GRUPO4\system\CodeIgniter.php(432): CodeIgniter\CodeIgniter->runController(Object(App\Controllers\Login))
#4 C:\xampp\htdocs\TDA-GRUPO4\system\CodeIgniter.php(333): CodeIgniter\CodeIgniter->handleRequest(NULL, Object(Config\Cache), false)
#5 C:\xampp\htdocs\TDA-GRUPO4\index.php(44): CodeIgniter\CodeIgniter->run()
#6 {main}
CRITICAL - 2021-03-07 16:26:44 --> Undefined offset: 0
#0 C:\xampp\htdocs\TDA-GRUPO4\app\Models\ModelUser.php(27): CodeIgniter\Debug\Exceptions->errorHandler(8, 'Undefined offse...', 'C:\\xampp\\htdocs...', 27, Array)
#1 C:\xampp\htdocs\TDA-GRUPO4\app\Controllers\Login.php(51): App\Models\ModelUser->GetDataWhere(Array)
#2 C:\xampp\htdocs\TDA-GRUPO4\system\CodeIgniter.php(936): App\Controllers\Login->testd()
#3 C:\xampp\htdocs\TDA-GRUPO4\system\CodeIgniter.php(432): CodeIgniter\CodeIgniter->runController(Object(App\Controllers\Login))
#4 C:\xampp\htdocs\TDA-GRUPO4\system\CodeIgniter.php(333): CodeIgniter\CodeIgniter->handleRequest(NULL, Object(Config\Cache), false)
#5 C:\xampp\htdocs\TDA-GRUPO4\index.php(44): CodeIgniter\CodeIgniter->run()
#6 {main}
CRITICAL - 2021-03-07 16:26:57 --> Undefined offset: 0
#0 C:\xampp\htdocs\TDA-GRUPO4\app\Models\ModelUser.php(27): CodeIgniter\Debug\Exceptions->errorHandler(8, 'Undefined offse...', 'C:\\xampp\\htdocs...', 27, Array)
#1 C:\xampp\htdocs\TDA-GRUPO4\app\Controllers\Login.php(51): App\Models\ModelUser->GetDataWhere(Array)
#2 C:\xampp\htdocs\TDA-GRUPO4\system\CodeIgniter.php(936): App\Controllers\Login->testd()
#3 C:\xampp\htdocs\TDA-GRUPO4\system\CodeIgniter.php(432): CodeIgniter\CodeIgniter->runController(Object(App\Controllers\Login))
#4 C:\xampp\htdocs\TDA-GRUPO4\system\CodeIgniter.php(333): CodeIgniter\CodeIgniter->handleRequest(NULL, Object(Config\Cache), false)
#5 C:\xampp\htdocs\TDA-GRUPO4\index.php(44): CodeIgniter\CodeIgniter->run()
#6 {main}
CRITICAL - 2021-03-07 16:26:58 --> Undefined offset: 0
#0 C:\xampp\htdocs\TDA-GRUPO4\app\Models\ModelUser.php(27): CodeIgniter\Debug\Exceptions->errorHandler(8, 'Undefined offse...', 'C:\\xampp\\htdocs...', 27, Array)
#1 C:\xampp\htdocs\TDA-GRUPO4\app\Controllers\Login.php(51): App\Models\ModelUser->GetDataWhere(Array)
#2 C:\xampp\htdocs\TDA-GRUPO4\system\CodeIgniter.php(936): App\Controllers\Login->testd()
#3 C:\xampp\htdocs\TDA-GRUPO4\system\CodeIgniter.php(432): CodeIgniter\CodeIgniter->runController(Object(App\Controllers\Login))
#4 C:\xampp\htdocs\TDA-GRUPO4\system\CodeIgniter.php(333): CodeIgniter\CodeIgniter->handleRequest(NULL, Object(Config\Cache), false)
#5 C:\xampp\htdocs\TDA-GRUPO4\index.php(44): CodeIgniter\CodeIgniter->run()
#6 {main}
CRITICAL - 2021-03-07 16:27:09 --> Undefined offset: 0
#0 C:\xampp\htdocs\TDA-GRUPO4\app\Models\ModelUser.php(29): CodeIgniter\Debug\Exceptions->errorHandler(8, 'Undefined offse...', 'C:\\xampp\\htdocs...', 29, Array)
#1 C:\xampp\htdocs\TDA-GRUPO4\app\Controllers\Login.php(51): App\Models\ModelUser->GetDataWhere(Array)
#2 C:\xampp\htdocs\TDA-GRUPO4\system\CodeIgniter.php(936): App\Controllers\Login->testd()
#3 C:\xampp\htdocs\TDA-GRUPO4\system\CodeIgniter.php(432): CodeIgniter\CodeIgniter->runController(Object(App\Controllers\Login))
#4 C:\xampp\htdocs\TDA-GRUPO4\system\CodeIgniter.php(333): CodeIgniter\CodeIgniter->handleRequest(NULL, Object(Config\Cache), false)
#5 C:\xampp\htdocs\TDA-GRUPO4\index.php(44): CodeIgniter\CodeIgniter->run()
#6 {main}
CRITICAL - 2021-03-07 16:27:10 --> Undefined offset: 0
#0 C:\xampp\htdocs\TDA-GRUPO4\app\Models\ModelUser.php(29): CodeIgniter\Debug\Exceptions->errorHandler(8, 'Undefined offse...', 'C:\\xampp\\htdocs...', 29, Array)
#1 C:\xampp\htdocs\TDA-GRUPO4\app\Controllers\Login.php(51): App\Models\ModelUser->GetDataWhere(Array)
#2 C:\xampp\htdocs\TDA-GRUPO4\system\CodeIgniter.php(936): App\Controllers\Login->testd()
#3 C:\xampp\htdocs\TDA-GRUPO4\system\CodeIgniter.php(432): CodeIgniter\CodeIgniter->runController(Object(App\Controllers\Login))
#4 C:\xampp\htdocs\TDA-GRUPO4\system\CodeIgniter.php(333): CodeIgniter\CodeIgniter->handleRequest(NULL, Object(Config\Cache), false)
#5 C:\xampp\htdocs\TDA-GRUPO4\index.php(44): CodeIgniter\CodeIgniter->run()
#6 {main}
CRITICAL - 2021-03-07 16:27:32 --> Undefined offset: 0
#0 C:\xampp\htdocs\TDA-GRUPO4\app\Models\ModelUser.php(30): CodeIgniter\Debug\Exceptions->errorHandler(8, 'Undefined offse...', 'C:\\xampp\\htdocs...', 30, Array)
#1 C:\xampp\htdocs\TDA-GRUPO4\app\Controllers\Login.php(51): App\Models\ModelUser->GetDataWhere(Array)
#2 C:\xampp\htdocs\TDA-GRUPO4\system\CodeIgniter.php(936): App\Controllers\Login->testd()
#3 C:\xampp\htdocs\TDA-GRUPO4\system\CodeIgniter.php(432): CodeIgniter\CodeIgniter->runController(Object(App\Controllers\Login))
#4 C:\xampp\htdocs\TDA-GRUPO4\system\CodeIgniter.php(333): CodeIgniter\CodeIgniter->handleRequest(NULL, Object(Config\Cache), false)
#5 C:\xampp\htdocs\TDA-GRUPO4\index.php(44): CodeIgniter\CodeIgniter->run()
#6 {main}
CRITICAL - 2021-03-07 16:27:32 --> Undefined offset: 0
#0 C:\xampp\htdocs\TDA-GRUPO4\app\Models\ModelUser.php(30): CodeIgniter\Debug\Exceptions->errorHandler(8, 'Undefined offse...', 'C:\\xampp\\htdocs...', 30, Array)
#1 C:\xampp\htdocs\TDA-GRUPO4\app\Controllers\Login.php(51): App\Models\ModelUser->GetDataWhere(Array)
#2 C:\xampp\htdocs\TDA-GRUPO4\system\CodeIgniter.php(936): App\Controllers\Login->testd()
#3 C:\xampp\htdocs\TDA-GRUPO4\system\CodeIgniter.php(432): CodeIgniter\CodeIgniter->runController(Object(App\Controllers\Login))
#4 C:\xampp\htdocs\TDA-GRUPO4\system\CodeIgniter.php(333): CodeIgniter\CodeIgniter->handleRequest(NULL, Object(Config\Cache), false)
#5 C:\xampp\htdocs\TDA-GRUPO4\index.php(44): CodeIgniter\CodeIgniter->run()
#6 {main}
CRITICAL - 2021-03-07 16:27:33 --> Undefined offset: 0
#0 C:\xampp\htdocs\TDA-GRUPO4\app\Models\ModelUser.php(30): CodeIgniter\Debug\Exceptions->errorHandler(8, 'Undefined offse...', 'C:\\xampp\\htdocs...', 30, Array)
#1 C:\xampp\htdocs\TDA-GRUPO4\app\Controllers\Login.php(51): App\Models\ModelUser->GetDataWhere(Array)
#2 C:\xampp\htdocs\TDA-GRUPO4\system\CodeIgniter.php(936): App\Controllers\Login->testd()
#3 C:\xampp\htdocs\TDA-GRUPO4\system\CodeIgniter.php(432): CodeIgniter\CodeIgniter->runController(Object(App\Controllers\Login))
#4 C:\xampp\htdocs\TDA-GRUPO4\system\CodeIgniter.php(333): CodeIgniter\CodeIgniter->handleRequest(NULL, Object(Config\Cache), false)
#5 C:\xampp\htdocs\TDA-GRUPO4\index.php(44): CodeIgniter\CodeIgniter->run()
#6 {main}
CRITICAL - 2021-03-07 16:27:34 --> Undefined offset: 0
#0 C:\xampp\htdocs\TDA-GRUPO4\app\Models\ModelUser.php(30): CodeIgniter\Debug\Exceptions->errorHandler(8, 'Undefined offse...', 'C:\\xampp\\htdocs...', 30, Array)
#1 C:\xampp\htdocs\TDA-GRUPO4\app\Controllers\Login.php(51): App\Models\ModelUser->GetDataWhere(Array)
#2 C:\xampp\htdocs\TDA-GRUPO4\system\CodeIgniter.php(936): App\Controllers\Login->testd()
#3 C:\xampp\htdocs\TDA-GRUPO4\system\CodeIgniter.php(432): CodeIgniter\CodeIgniter->runController(Object(App\Controllers\Login))
#4 C:\xampp\htdocs\TDA-GRUPO4\system\CodeIgniter.php(333): CodeIgniter\CodeIgniter->handleRequest(NULL, Object(Config\Cache), false)
#5 C:\xampp\htdocs\TDA-GRUPO4\index.php(44): CodeIgniter\CodeIgniter->run()
#6 {main}
CRITICAL - 2021-03-07 16:27:46 --> Undefined offset: 0
#0 C:\xampp\htdocs\TDA-GRUPO4\app\Models\ModelUser.php(26): CodeIgniter\Debug\Exceptions->errorHandler(8, 'Undefined offse...', 'C:\\xampp\\htdocs...', 26, Array)
#1 C:\xampp\htdocs\TDA-GRUPO4\app\Controllers\Login.php(51): App\Models\ModelUser->GetDataWhere(Array)
#2 C:\xampp\htdocs\TDA-GRUPO4\system\CodeIgniter.php(936): App\Controllers\Login->testd()
#3 C:\xampp\htdocs\TDA-GRUPO4\system\CodeIgniter.php(432): CodeIgniter\CodeIgniter->runController(Object(App\Controllers\Login))
#4 C:\xampp\htdocs\TDA-GRUPO4\system\CodeIgniter.php(333): CodeIgniter\CodeIgniter->handleRequest(NULL, Object(Config\Cache), false)
#5 C:\xampp\htdocs\TDA-GRUPO4\index.php(44): CodeIgniter\CodeIgniter->run()
#6 {main}
CRITICAL - 2021-03-07 16:28:00 --> unlink(C:\xampp\htdocs\TDA-GRUPO4\writable\debugbar/debugbar_1615155884.json): No such file or directory
#0 [internal function]: CodeIgniter\Debug\Exceptions->errorHandler(2, 'unlink(C:\\xampp...', 'C:\\xampp\\htdocs...', 78, Array)
#1 C:\xampp\htdocs\TDA-GRUPO4\system\Debug\Toolbar\Collectors\History.php(78): unlink('C:\\xampp\\htdocs...')
#2 C:\xampp\htdocs\TDA-GRUPO4\system\Debug\Toolbar.php(441): CodeIgniter\Debug\Toolbar\Collectors\History->setFiles(1615156079, 20)
#3 C:\xampp\htdocs\TDA-GRUPO4\system\Debug\Toolbar.php(413): CodeIgniter\Debug\Toolbar->format(Array, 'html')
#4 C:\xampp\htdocs\TDA-GRUPO4\app\Config\Events.php(52): CodeIgniter\Debug\Toolbar->respond()
#5 [internal function]: CodeIgniter\Events\Events::Config\{closure}()
#6 C:\xampp\htdocs\TDA-GRUPO4\system\Events\Events.php(166): call_user_func(Object(Closure))
#7 C:\xampp\htdocs\TDA-GRUPO4\system\CodeIgniter.php(314): CodeIgniter\Events\Events::trigger('pre_system')
#8 C:\xampp\htdocs\TDA-GRUPO4\index.php(44): CodeIgniter\CodeIgniter->run()
#9 {main}
CRITICAL - 2021-03-07 16:28:49 --> unlink(C:\xampp\htdocs\TDA-GRUPO4\writable\debugbar/debugbar_1615155934.json): No such file or directory
#0 [internal function]: CodeIgniter\Debug\Exceptions->errorHandler(2, 'unlink(C:\\xampp...', 'C:\\xampp\\htdocs...', 78, Array)
#1 C:\xampp\htdocs\TDA-GRUPO4\system\Debug\Toolbar\Collectors\History.php(78): unlink('C:\\xampp\\htdocs...')
#2 C:\xampp\htdocs\TDA-GRUPO4\system\Debug\Toolbar.php(441): CodeIgniter\Debug\Toolbar\Collectors\History->setFiles(1615156129, 20)
#3 C:\xampp\htdocs\TDA-GRUPO4\system\Debug\Toolbar.php(413): CodeIgniter\Debug\Toolbar->format(Array, 'html')
#4 C:\xampp\htdocs\TDA-GRUPO4\app\Config\Events.php(52): CodeIgniter\Debug\Toolbar->respond()
#5 [internal function]: CodeIgniter\Events\Events::Config\{closure}()
#6 C:\xampp\htdocs\TDA-GRUPO4\system\Events\Events.php(166): call_user_func(Object(Closure))
#7 C:\xampp\htdocs\TDA-GRUPO4\system\CodeIgniter.php(314): CodeIgniter\Events\Events::trigger('pre_system')
#8 C:\xampp\htdocs\TDA-GRUPO4\index.php(44): CodeIgniter\CodeIgniter->run()
#9 {main}
CRITICAL - 2021-03-07 16:31:56 --> count(): Parameter must be an array or an object that implements Countable
#0 [internal function]: CodeIgniter\Debug\Exceptions->errorHandler(2, 'count(): Parame...', 'C:\\xampp\\htdocs...', 27, Array)
#1 C:\xampp\htdocs\TDA-GRUPO4\app\Models\ModelUser.php(27): count(Object(CodeIgniter\Database\MySQLi\Builder))
#2 C:\xampp\htdocs\TDA-GRUPO4\app\Controllers\Login.php(51): App\Models\ModelUser->GetDataWhere(Array)
#3 C:\xampp\htdocs\TDA-GRUPO4\system\CodeIgniter.php(936): App\Controllers\Login->testd()
#4 C:\xampp\htdocs\TDA-GRUPO4\system\CodeIgniter.php(432): CodeIgniter\CodeIgniter->runController(Object(App\Controllers\Login))
#5 C:\xampp\htdocs\TDA-GRUPO4\system\CodeIgniter.php(333): CodeIgniter\CodeIgniter->handleRequest(NULL, Object(Config\Cache), false)
#6 C:\xampp\htdocs\TDA-GRUPO4\index.php(44): CodeIgniter\CodeIgniter->run()
#7 {main}
CRITICAL - 2021-03-07 16:32:23 --> count(): Parameter must be an array or an object that implements Countable
#0 [internal function]: CodeIgniter\Debug\Exceptions->errorHandler(2, 'count(): Parame...', 'C:\\xampp\\htdocs...', 27, Array)
#1 C:\xampp\htdocs\TDA-GRUPO4\app\Models\ModelUser.php(27): count(Object(CodeIgniter\Database\MySQLi\Builder))
#2 C:\xampp\htdocs\TDA-GRUPO4\app\Controllers\Login.php(51): App\Models\ModelUser->GetDataWhere(Array)
#3 C:\xampp\htdocs\TDA-GRUPO4\system\CodeIgniter.php(936): App\Controllers\Login->testd()
#4 C:\xampp\htdocs\TDA-GRUPO4\system\CodeIgniter.php(432): CodeIgniter\CodeIgniter->runController(Object(App\Controllers\Login))
#5 C:\xampp\htdocs\TDA-GRUPO4\system\CodeIgniter.php(333): CodeIgniter\CodeIgniter->handleRequest(NULL, Object(Config\Cache), false)
#6 C:\xampp\htdocs\TDA-GRUPO4\index.php(44): CodeIgniter\CodeIgniter->run()
#7 {main}
CRITICAL - 2021-03-07 16:33:07 --> Call to a member function get() on array
#0 C:\xampp\htdocs\TDA-GRUPO4\app\Controllers\Login.php(51): App\Models\ModelUser->GetDataWhere(Array)
#1 C:\xampp\htdocs\TDA-GRUPO4\system\CodeIgniter.php(936): App\Controllers\Login->testd()
#2 C:\xampp\htdocs\TDA-GRUPO4\system\CodeIgniter.php(432): CodeIgniter\CodeIgniter->runController(Object(App\Controllers\Login))
#3 C:\xampp\htdocs\TDA-GRUPO4\system\CodeIgniter.php(333): CodeIgniter\CodeIgniter->handleRequest(NULL, Object(Config\Cache), false)
#4 C:\xampp\htdocs\TDA-GRUPO4\index.php(44): CodeIgniter\CodeIgniter->run()
#5 {main}
CRITICAL - 2021-03-07 16:33:18 --> unlink(C:\xampp\htdocs\TDA-GRUPO4\writable\debugbar/debugbar_1615156029.json): No such file or directory
#0 [internal function]: CodeIgniter\Debug\Exceptions->errorHandler(2, 'unlink(C:\\xampp...', 'C:\\xampp\\htdocs...', 78, Array)
#1 C:\xampp\htdocs\TDA-GRUPO4\system\Debug\Toolbar\Collectors\History.php(78): unlink('C:\\xampp\\htdocs...')
#2 C:\xampp\htdocs\TDA-GRUPO4\system\Debug\Toolbar.php(441): CodeIgniter\Debug\Toolbar\Collectors\History->setFiles(1615156398, 20)
#3 C:\xampp\htdocs\TDA-GRUPO4\system\Debug\Toolbar.php(413): CodeIgniter\Debug\Toolbar->format(Array, 'html')
#4 C:\xampp\htdocs\TDA-GRUPO4\app\Config\Events.php(52): CodeIgniter\Debug\Toolbar->respond()
#5 [internal function]: CodeIgniter\Events\Events::Config\{closure}()
#6 C:\xampp\htdocs\TDA-GRUPO4\system\Events\Events.php(166): call_user_func(Object(Closure))
#7 C:\xampp\htdocs\TDA-GRUPO4\system\CodeIgniter.php(314): CodeIgniter\Events\Events::trigger('pre_system')
#8 C:\xampp\htdocs\TDA-GRUPO4\index.php(44): CodeIgniter\CodeIgniter->run()
#9 {main}
CRITICAL - 2021-03-07 16:34:03 --> unlink(C:\xampp\htdocs\TDA-GRUPO4\writable\debugbar/debugbar_1615156079.json): No such file or directory
#0 [internal function]: CodeIgniter\Debug\Exceptions->errorHandler(2, 'unlink(C:\\xampp...', 'C:\\xampp\\htdocs...', 78, Array)
#1 C:\xampp\htdocs\TDA-GRUPO4\system\Debug\Toolbar\Collectors\History.php(78): unlink('C:\\xampp\\htdocs...')
#2 C:\xampp\htdocs\TDA-GRUPO4\system\Debug\Toolbar.php(441): CodeIgniter\Debug\Toolbar\Collectors\History->setFiles(1615156443, 20)
#3 C:\xampp\htdocs\TDA-GRUPO4\system\Debug\Toolbar.php(413): CodeIgniter\Debug\Toolbar->format(Array, 'html')
#4 C:\xampp\htdocs\TDA-GRUPO4\app\Config\Events.php(52): CodeIgniter\Debug\Toolbar->respond()
#5 [internal function]: CodeIgniter\Events\Events::Config\{closure}()
#6 C:\xampp\htdocs\TDA-GRUPO4\system\Events\Events.php(166): call_user_func(Object(Closure))
#7 C:\xampp\htdocs\TDA-GRUPO4\system\CodeIgniter.php(314): CodeIgniter\Events\Events::trigger('pre_system')
#8 C:\xampp\htdocs\TDA-GRUPO4\index.php(44): CodeIgniter\CodeIgniter->run()
#9 {main}
CRITICAL - 2021-03-07 16:34:07 --> unlink(C:\xampp\htdocs\TDA-GRUPO4\writable\debugbar/debugbar_1615156094.json): No such file or directory
#0 [internal function]: CodeIgniter\Debug\Exceptions->errorHandler(2, 'unlink(C:\\xampp...', 'C:\\xampp\\htdocs...', 78, Array)
#1 C:\xampp\htdocs\TDA-GRUPO4\system\Debug\Toolbar\Collectors\History.php(78): unlink('C:\\xampp\\htdocs...')
#2 C:\xampp\htdocs\TDA-GRUPO4\system\Debug\Toolbar.php(441): CodeIgniter\Debug\Toolbar\Collectors\History->setFiles(1615156446, 20)
#3 C:\xampp\htdocs\TDA-GRUPO4\system\Debug\Toolbar.php(413): CodeIgniter\Debug\Toolbar->format(Array, 'html')
#4 C:\xampp\htdocs\TDA-GRUPO4\app\Config\Events.php(52): CodeIgniter\Debug\Toolbar->respond()
#5 [internal function]: CodeIgniter\Events\Events::Config\{closure}()
#6 C:\xampp\htdocs\TDA-GRUPO4\system\Events\Events.php(166): call_user_func(Object(Closure))
#7 C:\xampp\htdocs\TDA-GRUPO4\system\CodeIgniter.php(314): CodeIgniter\Events\Events::trigger('pre_system')
#8 C:\xampp\htdocs\TDA-GRUPO4\index.php(44): CodeIgniter\CodeIgniter->run()
#9 {main}
CRITICAL - 2021-03-07 16:34:19 --> unlink(C:\xampp\htdocs\TDA-GRUPO4\writable\debugbar/debugbar_1615156129.json): No such file or directory
#0 [internal function]: CodeIgniter\Debug\Exceptions->errorHandler(2, 'unlink(C:\\xampp...', 'C:\\xampp\\htdocs...', 78, Array)
#1 C:\xampp\htdocs\TDA-GRUPO4\system\Debug\Toolbar\Collectors\History.php(78): unlink('C:\\xampp\\htdocs...')
#2 C:\xampp\htdocs\TDA-GRUPO4\system\Debug\Toolbar.php(441): CodeIgniter\Debug\Toolbar\Collectors\History->setFiles(1615156459, 20)
#3 C:\xampp\htdocs\TDA-GRUPO4\system\Debug\Toolbar.php(413): CodeIgniter\Debug\Toolbar->format(Array, 'html')
#4 C:\xampp\htdocs\TDA-GRUPO4\app\Config\Events.php(52): CodeIgniter\Debug\Toolbar->respond()
#5 [internal function]: CodeIgniter\Events\Events::Config\{closure}()
#6 C:\xampp\htdocs\TDA-GRUPO4\system\Events\Events.php(166): call_user_func(Object(Closure))
#7 C:\xampp\htdocs\TDA-GRUPO4\system\CodeIgniter.php(314): CodeIgniter\Events\Events::trigger('pre_system')
#8 C:\xampp\htdocs\TDA-GRUPO4\index.php(44): CodeIgniter\CodeIgniter->run()
#9 {main}
CRITICAL - 2021-03-07 16:35:02 --> unlink(C:\xampp\htdocs\TDA-GRUPO4\writable\debugbar/debugbar_1615156153.json): No such file or directory
#0 [internal function]: CodeIgniter\Debug\Exceptions->errorHandler(2, 'unlink(C:\\xampp...', 'C:\\xampp\\htdocs...', 78, Array)
#1 C:\xampp\htdocs\TDA-GRUPO4\system\Debug\Toolbar\Collectors\History.php(78): unlink('C:\\xampp\\htdocs...')
#2 C:\xampp\htdocs\TDA-GRUPO4\system\Debug\Toolbar.php(441): CodeIgniter\Debug\Toolbar\Collectors\History->setFiles(1615156502, 20)
#3 C:\xampp\htdocs\TDA-GRUPO4\system\Debug\Toolbar.php(413): CodeIgniter\Debug\Toolbar->format(Array, 'html')
#4 C:\xampp\htdocs\TDA-GRUPO4\app\Config\Events.php(52): CodeIgniter\Debug\Toolbar->respond()
#5 [internal function]: CodeIgniter\Events\Events::Config\{closure}()
#6 C:\xampp\htdocs\TDA-GRUPO4\system\Events\Events.php(166): call_user_func(Object(Closure))
#7 C:\xampp\htdocs\TDA-GRUPO4\system\CodeIgniter.php(314): CodeIgniter\Events\Events::trigger('pre_system')
#8 C:\xampp\htdocs\TDA-GRUPO4\index.php(44): CodeIgniter\CodeIgniter->run()
#9 {main}
CRITICAL - 2021-03-07 16:35:07 --> unlink(C:\xampp\htdocs\TDA-GRUPO4\writable\debugbar/debugbar_1615156156.json): No such file or directory
#0 [internal function]: CodeIgniter\Debug\Exceptions->errorHandler(2, 'unlink(C:\\xampp...', 'C:\\xampp\\htdocs...', 78, Array)
#1 C:\xampp\htdocs\TDA-GRUPO4\system\Debug\Toolbar\Collectors\History.php(78): unlink('C:\\xampp\\htdocs...')
#2 C:\xampp\htdocs\TDA-GRUPO4\system\Debug\Toolbar.php(441): CodeIgniter\Debug\Toolbar\Collectors\History->setFiles(1615156507, 20)
#3 C:\xampp\htdocs\TDA-GRUPO4\system\Debug\Toolbar.php(413): CodeIgniter\Debug\Toolbar->format(Array, 'html')
#4 C:\xampp\htdocs\TDA-GRUPO4\app\Config\Events.php(52): CodeIgniter\Debug\Toolbar->respond()
#5 [internal function]: CodeIgniter\Events\Events::Config\{closure}()
#6 C:\xampp\htdocs\TDA-GRUPO4\system\Events\Events.php(166): call_user_func(Object(Closure))
#7 C:\xampp\htdocs\TDA-GRUPO4\system\CodeIgniter.php(314): CodeIgniter\Events\Events::trigger('pre_system')
#8 C:\xampp\htdocs\TDA-GRUPO4\index.php(44): CodeIgniter\CodeIgniter->run()
#9 {main}
CRITICAL - 2021-03-07 16:35:09 --> unlink(C:\xampp\htdocs\TDA-GRUPO4\writable\debugbar/debugbar_1615156343.json): No such file or directory
#0 [internal function]: CodeIgniter\Debug\Exceptions->errorHandler(2, 'unlink(C:\\xampp...', 'C:\\xampp\\htdocs...', 78, Array)
#1 C:\xampp\htdocs\TDA-GRUPO4\system\Debug\Toolbar\Collectors\History.php(78): unlink('C:\\xampp\\htdocs...')
#2 C:\xampp\htdocs\TDA-GRUPO4\system\Debug\Toolbar.php(441): CodeIgniter\Debug\Toolbar\Collectors\History->setFiles(1615156509, 20)
#3 C:\xampp\htdocs\TDA-GRUPO4\system\Debug\Toolbar.php(413): CodeIgniter\Debug\Toolbar->format(Array, 'html')
#4 C:\xampp\htdocs\TDA-GRUPO4\app\Config\Events.php(52): CodeIgniter\Debug\Toolbar->respond()
#5 [internal function]: CodeIgniter\Events\Events::Config\{closure}()
#6 C:\xampp\htdocs\TDA-GRUPO4\system\Events\Events.php(166): call_user_func(Object(Closure))
#7 C:\xampp\htdocs\TDA-GRUPO4\system\CodeIgniter.php(314): CodeIgniter\Events\Events::trigger('pre_system')
#8 C:\xampp\htdocs\TDA-GRUPO4\index.php(44): CodeIgniter\CodeIgniter->run()
#9 {main}
CRITICAL - 2021-03-07 16:38:25 --> unlink(C:\xampp\htdocs\TDA-GRUPO4\writable\debugbar/debugbar_1615156511.json): No such file or directory
#0 [internal function]: CodeIgniter\Debug\Exceptions->errorHandler(2, 'unlink(C:\\xampp...', 'C:\\xampp\\htdocs...', 78, Array)
#1 C:\xampp\htdocs\TDA-GRUPO4\system\Debug\Toolbar\Collectors\History.php(78): unlink('C:\\xampp\\htdocs...')
#2 C:\xampp\htdocs\TDA-GRUPO4\system\Debug\Toolbar.php(441): CodeIgniter\Debug\Toolbar\Collectors\History->setFiles(1615156704, 20)
#3 C:\xampp\htdocs\TDA-GRUPO4\system\Debug\Toolbar.php(413): CodeIgniter\Debug\Toolbar->format(Array, 'html')
#4 C:\xampp\htdocs\TDA-GRUPO4\app\Config\Events.php(52): CodeIgniter\Debug\Toolbar->respond()
#5 [internal function]: CodeIgniter\Events\Events::Config\{closure}()
#6 C:\xampp\htdocs\TDA-GRUPO4\system\Events\Events.php(166): call_user_func(Object(Closure))
#7 C:\xampp\htdocs\TDA-GRUPO4\system\CodeIgniter.php(314): CodeIgniter\Events\Events::trigger('pre_system')
#8 C:\xampp\htdocs\TDA-GRUPO4\index.php(44): CodeIgniter\CodeIgniter->run()
#9 {main}
CRITICAL - 2021-03-07 16:38:59 --> unlink(C:\xampp\htdocs\TDA-GRUPO4\writable\debugbar/debugbar_1615156569.json): No such file or directory
#0 [internal function]: CodeIgniter\Debug\Exceptions->errorHandler(2, 'unlink(C:\\xampp...', 'C:\\xampp\\htdocs...', 78, Array)
#1 C:\xampp\htdocs\TDA-GRUPO4\system\Debug\Toolbar\Collectors\History.php(78): unlink('C:\\xampp\\htdocs...')
#2 C:\xampp\htdocs\TDA-GRUPO4\system\Debug\Toolbar.php(441): CodeIgniter\Debug\Toolbar\Collectors\History->setFiles(1615156738, 20)
#3 C:\xampp\htdocs\TDA-GRUPO4\system\Debug\Toolbar.php(413): CodeIgniter\Debug\Toolbar->format(Array, 'html')
#4 C:\xampp\htdocs\TDA-GRUPO4\app\Config\Events.php(52): CodeIgniter\Debug\Toolbar->respond()
#5 [internal function]: CodeIgniter\Events\Events::Config\{closure}()
#6 C:\xampp\htdocs\TDA-GRUPO4\system\Events\Events.php(166): call_user_func(Object(Closure))
#7 C:\xampp\htdocs\TDA-GRUPO4\system\CodeIgniter.php(314): CodeIgniter\Events\Events::trigger('pre_system')
#8 C:\xampp\htdocs\TDA-GRUPO4\index.php(44): CodeIgniter\CodeIgniter->run()
#9 {main}
CRITICAL - 2021-03-07 16:55:30 --> Object of class CodeIgniter\HTTP\RedirectResponse could not be converted to string
#0 C:\xampp\htdocs\TDA-GRUPO4\system\CodeIgniter.php(936): App\Controllers\Login->IniciandoSesion()
#1 C:\xampp\htdocs\TDA-GRUPO4\system\CodeIgniter.php(432): CodeIgniter\CodeIgniter->runController(Object(App\Controllers\Login))
#2 C:\xampp\htdocs\TDA-GRUPO4\system\CodeIgniter.php(333): CodeIgniter\CodeIgniter->handleRequest(NULL, Object(Config\Cache), false)
#3 C:\xampp\htdocs\TDA-GRUPO4\index.php(44): CodeIgniter\CodeIgniter->run()
#4 {main}
CRITICAL - 2021-03-07 17:11:58 --> Undefined index: username
#0 C:\xampp\htdocs\TDA-GRUPO4\app\Controllers\Login.php(10): CodeIgniter\Debug\Exceptions->errorHandler(8, 'Undefined index...', 'C:\\xampp\\htdocs...', 10, Array)
#1 C:\xampp\htdocs\TDA-GRUPO4\system\CodeIgniter.php(936): App\Controllers\Login->Index()
#2 C:\xampp\htdocs\TDA-GRUPO4\system\CodeIgniter.php(432): CodeIgniter\CodeIgniter->runController(Object(App\Controllers\Login))
#3 C:\xampp\htdocs\TDA-GRUPO4\system\CodeIgniter.php(333): CodeIgniter\CodeIgniter->handleRequest(NULL, Object(Config\Cache), false)
#4 C:\xampp\htdocs\TDA-GRUPO4\index.php(44): CodeIgniter\CodeIgniter->run()
#5 {main}
CRITICAL - 2021-03-07 17:12:33 --> Class 'App\Filters\SessionFilters' not found
#0 C:\xampp\htdocs\TDA-GRUPO4\system\CodeIgniter.php(403): CodeIgniter\Filters\Filters->run('Docente', 'before')
#1 C:\xampp\htdocs\TDA-GRUPO4\system\CodeIgniter.php(333): CodeIgniter\CodeIgniter->handleRequest(NULL, Object(Config\Cache), false)
#2 C:\xampp\htdocs\TDA-GRUPO4\index.php(44): CodeIgniter\CodeIgniter->run()
#3 {main}
CRITICAL - 2021-03-07 17:16:10 --> Class 'App\Filters\SessionFilters' not found
#0 C:\xampp\htdocs\TDA-GRUPO4\system\CodeIgniter.php(403): CodeIgniter\Filters\Filters->run('Docente', 'before')
#1 C:\xampp\htdocs\TDA-GRUPO4\system\CodeIgniter.php(333): CodeIgniter\CodeIgniter->handleRequest(NULL, Object(Config\Cache), false)
#2 C:\xampp\htdocs\TDA-GRUPO4\index.php(44): CodeIgniter\CodeIgniter->run()
#3 {main}
