CRITICAL - 2021-03-02 01:25:00 --> Too few arguments to function App\Controllers\Estudiante::Eliminar(), 0 passed in C:\xampp\htdocs\TDA-GRUPO4\system\CodeIgniter.php on line 936 and exactly 1 expected
#0 C:\xampp\htdocs\TDA-GRUPO4\system\CodeIgniter.php(936): App\Controllers\Estudiante->Eliminar()
#1 C:\xampp\htdocs\TDA-GRUPO4\system\CodeIgniter.php(432): CodeIgniter\CodeIgniter->runController(Object(App\Controllers\Estudiante))
#2 C:\xampp\htdocs\TDA-GRUPO4\system\CodeIgniter.php(333): CodeIgniter\CodeIgniter->handleRequest(NULL, Object(Config\Cache), false)
#3 C:\xampp\htdocs\TDA-GRUPO4\index.php(44): CodeIgniter\CodeIgniter->run()
#4 {main}
CRITICAL - 2021-03-02 01:28:03 --> You must set the database table to be used with your query.
#0 C:\xampp\htdocs\TDA-GRUPO4\system\Model.php(615): CodeIgniter\Database\BaseConnection->table(NULL)
#1 C:\xampp\htdocs\TDA-GRUPO4\system\Model.php(834): CodeIgniter\Model->builder()
#2 C:\xampp\htdocs\TDA-GRUPO4\app\Controllers\Estudiante.php(63): CodeIgniter\Model->__call('DeleteData', Array)
#3 C:\xampp\htdocs\TDA-GRUPO4\system\CodeIgniter.php(936): App\Controllers\Estudiante->EliminarPorId('1')
#4 C:\xampp\htdocs\TDA-GRUPO4\system\CodeIgniter.php(432): CodeIgniter\CodeIgniter->runController(Object(App\Controllers\Estudiante))
#5 C:\xampp\htdocs\TDA-GRUPO4\system\CodeIgniter.php(333): CodeIgniter\CodeIgniter->handleRequest(NULL, Object(Config\Cache), false)
#6 C:\xampp\htdocs\TDA-GRUPO4\index.php(44): CodeIgniter\CodeIgniter->run()
#7 {main}
CRITICAL - 2021-03-02 01:28:16 --> You must set the database table to be used with your query.
#0 C:\xampp\htdocs\TDA-GRUPO4\system\Model.php(615): CodeIgniter\Database\BaseConnection->table(NULL)
#1 C:\xampp\htdocs\TDA-GRUPO4\system\Model.php(834): CodeIgniter\Model->builder()
#2 C:\xampp\htdocs\TDA-GRUPO4\app\Controllers\Estudiante.php(63): CodeIgniter\Model->__call('DeleteData', Array)
#3 C:\xampp\htdocs\TDA-GRUPO4\system\CodeIgniter.php(936): App\Controllers\Estudiante->EliminarPorId('1')
#4 C:\xampp\htdocs\TDA-GRUPO4\system\CodeIgniter.php(432): CodeIgniter\CodeIgniter->runController(Object(App\Controllers\Estudiante))
#5 C:\xampp\htdocs\TDA-GRUPO4\system\CodeIgniter.php(333): CodeIgniter\CodeIgniter->handleRequest(NULL, Object(Config\Cache), false)
#6 C:\xampp\htdocs\TDA-GRUPO4\index.php(44): CodeIgniter\CodeIgniter->run()
#7 {main}
CRITICAL - 2021-03-02 01:36:30 --> Undefined variable: estu_id
#0 C:\xampp\htdocs\TDA-GRUPO4\app\Views\estudiantes\content_table.php(68): CodeIgniter\Debug\Exceptions->errorHandler(8, 'Undefined varia...', 'C:\\xampp\\htdocs...', 68, Array)
#1 C:\xampp\htdocs\TDA-GRUPO4\system\View\View.php(220): include('C:\\xampp\\htdocs...')
#2 C:\xampp\htdocs\TDA-GRUPO4\system\View\View.php(222): CodeIgniter\View\View->CodeIgniter\View\{closure}()
#3 C:\xampp\htdocs\TDA-GRUPO4\system\View\View.php(468): CodeIgniter\View\View->render('estudiantes/con...', NULL, true)
#4 C:\xampp\htdocs\TDA-GRUPO4\app\Views\estudiantes\general.php(21): CodeIgniter\View\View->include('estudiantes/con...')
#5 C:\xampp\htdocs\TDA-GRUPO4\system\View\View.php(220): include('C:\\xampp\\htdocs...')
#6 C:\xampp\htdocs\TDA-GRUPO4\system\View\View.php(222): CodeIgniter\View\View->CodeIgniter\View\{closure}()
#7 C:\xampp\htdocs\TDA-GRUPO4\system\Common.php(1217): CodeIgniter\View\View->render('estudiantes/gen...', Array, true)
#8 C:\xampp\htdocs\TDA-GRUPO4\app\Controllers\Estudiante.php(17): view('estudiantes/gen...', Array)
#9 C:\xampp\htdocs\TDA-GRUPO4\system\CodeIgniter.php(936): App\Controllers\Estudiante->index()
#10 C:\xampp\htdocs\TDA-GRUPO4\system\CodeIgniter.php(432): CodeIgniter\CodeIgniter->runController(Object(App\Controllers\Estudiante))
#11 C:\xampp\htdocs\TDA-GRUPO4\system\CodeIgniter.php(333): CodeIgniter\CodeIgniter->handleRequest(NULL, Object(Config\Cache), false)
#12 C:\xampp\htdocs\TDA-GRUPO4\index.php(44): CodeIgniter\CodeIgniter->run()
#13 {main}
CRITICAL - 2021-03-02 01:36:45 --> Undefined variable: estu_id
#0 C:\xampp\htdocs\TDA-GRUPO4\app\Views\estudiantes\content_table.php(68): CodeIgniter\Debug\Exceptions->errorHandler(8, 'Undefined varia...', 'C:\\xampp\\htdocs...', 68, Array)
#1 C:\xampp\htdocs\TDA-GRUPO4\system\View\View.php(220): include('C:\\xampp\\htdocs...')
#2 C:\xampp\htdocs\TDA-GRUPO4\system\View\View.php(222): CodeIgniter\View\View->CodeIgniter\View\{closure}()
#3 C:\xampp\htdocs\TDA-GRUPO4\system\View\View.php(468): CodeIgniter\View\View->render('estudiantes/con...', NULL, true)
#4 C:\xampp\htdocs\TDA-GRUPO4\app\Views\estudiantes\general.php(21): CodeIgniter\View\View->include('estudiantes/con...')
#5 C:\xampp\htdocs\TDA-GRUPO4\system\View\View.php(220): include('C:\\xampp\\htdocs...')
#6 C:\xampp\htdocs\TDA-GRUPO4\system\View\View.php(222): CodeIgniter\View\View->CodeIgniter\View\{closure}()
#7 C:\xampp\htdocs\TDA-GRUPO4\system\Common.php(1217): CodeIgniter\View\View->render('estudiantes/gen...', Array, true)
#8 C:\xampp\htdocs\TDA-GRUPO4\app\Controllers\Estudiante.php(17): view('estudiantes/gen...', Array)
#9 C:\xampp\htdocs\TDA-GRUPO4\system\CodeIgniter.php(936): App\Controllers\Estudiante->index()
#10 C:\xampp\htdocs\TDA-GRUPO4\system\CodeIgniter.php(432): CodeIgniter\CodeIgniter->runController(Object(App\Controllers\Estudiante))
#11 C:\xampp\htdocs\TDA-GRUPO4\system\CodeIgniter.php(333): CodeIgniter\CodeIgniter->handleRequest(NULL, Object(Config\Cache), false)
#12 C:\xampp\htdocs\TDA-GRUPO4\index.php(44): CodeIgniter\CodeIgniter->run()
#13 {main}
CRITICAL - 2021-03-02 01:37:23 --> Undefined variable: estu_id
#0 C:\xampp\htdocs\TDA-GRUPO4\app\Views\estudiantes\content_table.php(68): CodeIgniter\Debug\Exceptions->errorHandler(8, 'Undefined varia...', 'C:\\xampp\\htdocs...', 68, Array)
#1 C:\xampp\htdocs\TDA-GRUPO4\system\View\View.php(220): include('C:\\xampp\\htdocs...')
#2 C:\xampp\htdocs\TDA-GRUPO4\system\View\View.php(222): CodeIgniter\View\View->CodeIgniter\View\{closure}()
#3 C:\xampp\htdocs\TDA-GRUPO4\system\View\View.php(468): CodeIgniter\View\View->render('estudiantes/con...', NULL, true)
#4 C:\xampp\htdocs\TDA-GRUPO4\app\Views\estudiantes\general.php(21): CodeIgniter\View\View->include('estudiantes/con...')
#5 C:\xampp\htdocs\TDA-GRUPO4\system\View\View.php(220): include('C:\\xampp\\htdocs...')
#6 C:\xampp\htdocs\TDA-GRUPO4\system\View\View.php(222): CodeIgniter\View\View->CodeIgniter\View\{closure}()
#7 C:\xampp\htdocs\TDA-GRUPO4\system\Common.php(1217): CodeIgniter\View\View->render('estudiantes/gen...', Array, true)
#8 C:\xampp\htdocs\TDA-GRUPO4\app\Controllers\Estudiante.php(17): view('estudiantes/gen...', Array)
#9 C:\xampp\htdocs\TDA-GRUPO4\system\CodeIgniter.php(936): App\Controllers\Estudiante->index()
#10 C:\xampp\htdocs\TDA-GRUPO4\system\CodeIgniter.php(432): CodeIgniter\CodeIgniter->runController(Object(App\Controllers\Estudiante))
#11 C:\xampp\htdocs\TDA-GRUPO4\system\CodeIgniter.php(333): CodeIgniter\CodeIgniter->handleRequest(NULL, Object(Config\Cache), false)
#12 C:\xampp\htdocs\TDA-GRUPO4\index.php(44): CodeIgniter\CodeIgniter->run()
#13 {main}
CRITICAL - 2021-03-02 03:36:04 --> Array to string conversion
#0 C:\xampp\htdocs\TDA-GRUPO4\app\Controllers\Estudiante.php(13): CodeIgniter\Debug\Exceptions->errorHandler(8, 'Array to string...', 'C:\\xampp\\htdocs...', 13, Array)
#1 C:\xampp\htdocs\TDA-GRUPO4\system\CodeIgniter.php(936): App\Controllers\Estudiante->index()
#2 C:\xampp\htdocs\TDA-GRUPO4\system\CodeIgniter.php(432): CodeIgniter\CodeIgniter->runController(Object(App\Controllers\Estudiante))
#3 C:\xampp\htdocs\TDA-GRUPO4\system\CodeIgniter.php(333): CodeIgniter\CodeIgniter->handleRequest(NULL, Object(Config\Cache), false)
#4 C:\xampp\htdocs\TDA-GRUPO4\index.php(44): CodeIgniter\CodeIgniter->run()
#5 {main}
CRITICAL - 2021-03-02 03:36:23 --> Array to string conversion
#0 C:\xampp\htdocs\TDA-GRUPO4\app\Controllers\Estudiante.php(13): CodeIgniter\Debug\Exceptions->errorHandler(8, 'Array to string...', 'C:\\xampp\\htdocs...', 13, Array)
#1 C:\xampp\htdocs\TDA-GRUPO4\system\CodeIgniter.php(936): App\Controllers\Estudiante->index()
#2 C:\xampp\htdocs\TDA-GRUPO4\system\CodeIgniter.php(432): CodeIgniter\CodeIgniter->runController(Object(App\Controllers\Estudiante))
#3 C:\xampp\htdocs\TDA-GRUPO4\system\CodeIgniter.php(333): CodeIgniter\CodeIgniter->handleRequest(NULL, Object(Config\Cache), false)
#4 C:\xampp\htdocs\TDA-GRUPO4\index.php(44): CodeIgniter\CodeIgniter->run()
#5 {main}
