CRITICAL - 2021-03-03 14:15:25 --> Undefined variable: cant
#0 C:\xampp\htdocs\TDA-GRUPO4\app\Views\Template\Inicio.php(268): CodeIgniter\Debug\Exceptions->errorHandler(8, 'Undefined varia...', 'C:\\xampp\\htdocs...', 268, Array)
#1 C:\xampp\htdocs\TDA-GRUPO4\system\View\View.php(220): include('C:\\xampp\\htdocs...')
#2 C:\xampp\htdocs\TDA-GRUPO4\system\View\View.php(222): CodeIgniter\View\View->CodeIgniter\View\{closure}()
#3 C:\xampp\htdocs\TDA-GRUPO4\system\View\View.php(236): CodeIgniter\View\View->render('Template/Inicio', Array, true)
#4 C:\xampp\htdocs\TDA-GRUPO4\system\Common.php(1217): CodeIgniter\View\View->render('docentes/genera...', Array, true)
#5 C:\xampp\htdocs\TDA-GRUPO4\app\Controllers\Docente.php(19): view('docentes/genera...', Array)
#6 C:\xampp\htdocs\TDA-GRUPO4\app\Controllers\Docente.php(91): App\Controllers\Docente->Index()
#7 C:\xampp\htdocs\TDA-GRUPO4\system\CodeIgniter.php(936): App\Controllers\Docente->Eliminar('12')
#8 C:\xampp\htdocs\TDA-GRUPO4\system\CodeIgniter.php(432): CodeIgniter\CodeIgniter->runController(Object(App\Controllers\Docente))
#9 C:\xampp\htdocs\TDA-GRUPO4\system\CodeIgniter.php(333): CodeIgniter\CodeIgniter->handleRequest(NULL, Object(Config\Cache), false)
#10 C:\xampp\htdocs\TDA-GRUPO4\index.php(44): CodeIgniter\CodeIgniter->run()
#11 {main}
CRITICAL - 2021-03-03 14:16:11 --> Undefined variable: cant
#0 C:\xampp\htdocs\TDA-GRUPO4\app\Views\Template\Inicio.php(268): CodeIgniter\Debug\Exceptions->errorHandler(8, 'Undefined varia...', 'C:\\xampp\\htdocs...', 268, Array)
#1 C:\xampp\htdocs\TDA-GRUPO4\system\View\View.php(220): include('C:\\xampp\\htdocs...')
#2 C:\xampp\htdocs\TDA-GRUPO4\system\View\View.php(222): CodeIgniter\View\View->CodeIgniter\View\{closure}()
#3 C:\xampp\htdocs\TDA-GRUPO4\system\View\View.php(236): CodeIgniter\View\View->render('Template/Inicio', Array, true)
#4 C:\xampp\htdocs\TDA-GRUPO4\system\Common.php(1217): CodeIgniter\View\View->render('docentes/genera...', Array, true)
#5 C:\xampp\htdocs\TDA-GRUPO4\app\Controllers\Docente.php(19): view('docentes/genera...', Array)
#6 C:\xampp\htdocs\TDA-GRUPO4\app\Controllers\Docente.php(91): App\Controllers\Docente->Index()
#7 C:\xampp\htdocs\TDA-GRUPO4\system\CodeIgniter.php(936): App\Controllers\Docente->Eliminar('12')
#8 C:\xampp\htdocs\TDA-GRUPO4\system\CodeIgniter.php(432): CodeIgniter\CodeIgniter->runController(Object(App\Controllers\Docente))
#9 C:\xampp\htdocs\TDA-GRUPO4\system\CodeIgniter.php(333): CodeIgniter\CodeIgniter->handleRequest(NULL, Object(Config\Cache), false)
#10 C:\xampp\htdocs\TDA-GRUPO4\index.php(44): CodeIgniter\CodeIgniter->run()
#11 {main}
CRITICAL - 2021-03-03 14:16:21 --> Undefined variable: cant
#0 C:\xampp\htdocs\TDA-GRUPO4\app\Views\Template\Inicio.php(268): CodeIgniter\Debug\Exceptions->errorHandler(8, 'Undefined varia...', 'C:\\xampp\\htdocs...', 268, Array)
#1 C:\xampp\htdocs\TDA-GRUPO4\system\View\View.php(220): include('C:\\xampp\\htdocs...')
#2 C:\xampp\htdocs\TDA-GRUPO4\system\View\View.php(222): CodeIgniter\View\View->CodeIgniter\View\{closure}()
#3 C:\xampp\htdocs\TDA-GRUPO4\system\View\View.php(236): CodeIgniter\View\View->render('Template/Inicio', Array, true)
#4 C:\xampp\htdocs\TDA-GRUPO4\system\Common.php(1217): CodeIgniter\View\View->render('docentes/genera...', Array, true)
#5 C:\xampp\htdocs\TDA-GRUPO4\app\Controllers\Docente.php(19): view('docentes/genera...', Array)
#6 C:\xampp\htdocs\TDA-GRUPO4\app\Controllers\Docente.php(91): App\Controllers\Docente->Index()
#7 C:\xampp\htdocs\TDA-GRUPO4\system\CodeIgniter.php(936): App\Controllers\Docente->Eliminar('12')
#8 C:\xampp\htdocs\TDA-GRUPO4\system\CodeIgniter.php(432): CodeIgniter\CodeIgniter->runController(Object(App\Controllers\Docente))
#9 C:\xampp\htdocs\TDA-GRUPO4\system\CodeIgniter.php(333): CodeIgniter\CodeIgniter->handleRequest(NULL, Object(Config\Cache), false)
#10 C:\xampp\htdocs\TDA-GRUPO4\index.php(44): CodeIgniter\CodeIgniter->run()
#11 {main}
CRITICAL - 2021-03-03 14:16:28 --> Undefined variable: cant
#0 C:\xampp\htdocs\TDA-GRUPO4\app\Views\Template\Inicio.php(268): CodeIgniter\Debug\Exceptions->errorHandler(8, 'Undefined varia...', 'C:\\xampp\\htdocs...', 268, Array)
#1 C:\xampp\htdocs\TDA-GRUPO4\system\View\View.php(220): include('C:\\xampp\\htdocs...')
#2 C:\xampp\htdocs\TDA-GRUPO4\system\View\View.php(222): CodeIgniter\View\View->CodeIgniter\View\{closure}()
#3 C:\xampp\htdocs\TDA-GRUPO4\system\View\View.php(236): CodeIgniter\View\View->render('Template/Inicio', Array, true)
#4 C:\xampp\htdocs\TDA-GRUPO4\system\Common.php(1217): CodeIgniter\View\View->render('docentes/genera...', Array, true)
#5 C:\xampp\htdocs\TDA-GRUPO4\app\Controllers\Docente.php(19): view('docentes/genera...', Array)
#6 C:\xampp\htdocs\TDA-GRUPO4\app\Controllers\Docente.php(91): App\Controllers\Docente->Index()
#7 C:\xampp\htdocs\TDA-GRUPO4\system\CodeIgniter.php(936): App\Controllers\Docente->Eliminar('12')
#8 C:\xampp\htdocs\TDA-GRUPO4\system\CodeIgniter.php(432): CodeIgniter\CodeIgniter->runController(Object(App\Controllers\Docente))
#9 C:\xampp\htdocs\TDA-GRUPO4\system\CodeIgniter.php(333): CodeIgniter\CodeIgniter->handleRequest(NULL, Object(Config\Cache), false)
#10 C:\xampp\htdocs\TDA-GRUPO4\index.php(44): CodeIgniter\CodeIgniter->run()
#11 {main}
CRITICAL - 2021-03-03 14:29:32 --> syntax error, unexpected 'echo' (T_ECHO)
#0 C:\xampp\htdocs\TDA-GRUPO4\system\Router\Router.php(170): CodeIgniter\Router\Router->autoRoute('Docente/DataTab...')
#1 C:\xampp\htdocs\TDA-GRUPO4\system\CodeIgniter.php(816): CodeIgniter\Router\Router->handle('Docente/DataTab...')
#2 C:\xampp\htdocs\TDA-GRUPO4\system\CodeIgniter.php(385): CodeIgniter\CodeIgniter->tryToRouteIt(Object(CodeIgniter\Router\RouteCollection))
#3 C:\xampp\htdocs\TDA-GRUPO4\system\CodeIgniter.php(333): CodeIgniter\CodeIgniter->handleRequest(NULL, Object(Config\Cache), false)
#4 C:\xampp\htdocs\TDA-GRUPO4\index.php(44): CodeIgniter\CodeIgniter->run()
#5 {main}
CRITICAL - 2021-03-03 14:29:34 --> Undefined variable: registrarDoc
#0 C:\xampp\htdocs\TDA-GRUPO4\app\Views\docentes\general.php(12): CodeIgniter\Debug\Exceptions->errorHandler(8, 'Undefined varia...', 'C:\\xampp\\htdocs...', 12, Array)
#1 C:\xampp\htdocs\TDA-GRUPO4\system\View\View.php(220): include('C:\\xampp\\htdocs...')
#2 C:\xampp\htdocs\TDA-GRUPO4\system\View\View.php(222): CodeIgniter\View\View->CodeIgniter\View\{closure}()
#3 C:\xampp\htdocs\TDA-GRUPO4\system\Common.php(1217): CodeIgniter\View\View->render('docentes/genera...', Array, true)
#4 C:\xampp\htdocs\TDA-GRUPO4\app\Controllers\Docente.php(37): view('docentes/genera...', Array)
#5 C:\xampp\htdocs\TDA-GRUPO4\system\CodeIgniter.php(936): App\Controllers\Docente->DataTable()
#6 C:\xampp\htdocs\TDA-GRUPO4\system\CodeIgniter.php(432): CodeIgniter\CodeIgniter->runController(Object(App\Controllers\Docente))
#7 C:\xampp\htdocs\TDA-GRUPO4\system\CodeIgniter.php(333): CodeIgniter\CodeIgniter->handleRequest(NULL, Object(Config\Cache), false)
#8 C:\xampp\htdocs\TDA-GRUPO4\index.php(44): CodeIgniter\CodeIgniter->run()
#9 {main}
CRITICAL - 2021-03-03 14:30:11 --> Invalid file: docentes/content_datatable.php
#0 C:\xampp\htdocs\TDA-GRUPO4\system\View\View.php(203): CodeIgniter\Exceptions\FrameworkException::forInvalidFile('docentes/conten...')
#1 C:\xampp\htdocs\TDA-GRUPO4\system\View\View.php(468): CodeIgniter\View\View->render('docentes/conten...', NULL, true)
#2 C:\xampp\htdocs\TDA-GRUPO4\app\Views\docentes\general.php(25): CodeIgniter\View\View->include('docentes/conten...')
#3 C:\xampp\htdocs\TDA-GRUPO4\system\View\View.php(220): include('C:\\xampp\\htdocs...')
#4 C:\xampp\htdocs\TDA-GRUPO4\system\View\View.php(222): CodeIgniter\View\View->CodeIgniter\View\{closure}()
#5 C:\xampp\htdocs\TDA-GRUPO4\system\Common.php(1217): CodeIgniter\View\View->render('docentes/genera...', Array, true)
#6 C:\xampp\htdocs\TDA-GRUPO4\app\Controllers\Docente.php(38): view('docentes/genera...', Array)
#7 C:\xampp\htdocs\TDA-GRUPO4\system\CodeIgniter.php(936): App\Controllers\Docente->DataTable()
#8 C:\xampp\htdocs\TDA-GRUPO4\system\CodeIgniter.php(432): CodeIgniter\CodeIgniter->runController(Object(App\Controllers\Docente))
#9 C:\xampp\htdocs\TDA-GRUPO4\system\CodeIgniter.php(333): CodeIgniter\CodeIgniter->handleRequest(NULL, Object(Config\Cache), false)
#10 C:\xampp\htdocs\TDA-GRUPO4\index.php(44): CodeIgniter\CodeIgniter->run()
#11 {main}
CRITICAL - 2021-03-03 15:04:35 --> Undefined variable: registrarEst
#0 C:\xampp\htdocs\TDA-GRUPO4\app\Views\estudiantes\general.php(11): CodeIgniter\Debug\Exceptions->errorHandler(8, 'Undefined varia...', 'C:\\xampp\\htdocs...', 11, Array)
#1 C:\xampp\htdocs\TDA-GRUPO4\system\View\View.php(220): include('C:\\xampp\\htdocs...')
#2 C:\xampp\htdocs\TDA-GRUPO4\system\View\View.php(222): CodeIgniter\View\View->CodeIgniter\View\{closure}()
#3 C:\xampp\htdocs\TDA-GRUPO4\system\Common.php(1217): CodeIgniter\View\View->render('estudiantes/gen...', Array, true)
#4 C:\xampp\htdocs\TDA-GRUPO4\app\Controllers\Estudiante.php(33): view('estudiantes/gen...', Array)
#5 C:\xampp\htdocs\TDA-GRUPO4\system\CodeIgniter.php(936): App\Controllers\Estudiante->DataTable()
#6 C:\xampp\htdocs\TDA-GRUPO4\system\CodeIgniter.php(432): CodeIgniter\CodeIgniter->runController(Object(App\Controllers\Estudiante))
#7 C:\xampp\htdocs\TDA-GRUPO4\system\CodeIgniter.php(333): CodeIgniter\CodeIgniter->handleRequest(NULL, Object(Config\Cache), false)
#8 C:\xampp\htdocs\TDA-GRUPO4\index.php(44): CodeIgniter\CodeIgniter->run()
#9 {main}
CRITICAL - 2021-03-03 15:04:49 --> Invalid file: estudiantes/content_datatable.php
#0 C:\xampp\htdocs\TDA-GRUPO4\system\View\View.php(203): CodeIgniter\Exceptions\FrameworkException::forInvalidFile('estudiantes/con...')
#1 C:\xampp\htdocs\TDA-GRUPO4\system\View\View.php(468): CodeIgniter\View\View->render('estudiantes/con...', NULL, true)
#2 C:\xampp\htdocs\TDA-GRUPO4\app\Views\estudiantes\general.php(23): CodeIgniter\View\View->include('estudiantes/con...')
#3 C:\xampp\htdocs\TDA-GRUPO4\system\View\View.php(220): include('C:\\xampp\\htdocs...')
#4 C:\xampp\htdocs\TDA-GRUPO4\system\View\View.php(222): CodeIgniter\View\View->CodeIgniter\View\{closure}()
#5 C:\xampp\htdocs\TDA-GRUPO4\system\Common.php(1217): CodeIgniter\View\View->render('estudiantes/gen...', Array, true)
#6 C:\xampp\htdocs\TDA-GRUPO4\app\Controllers\Estudiante.php(33): view('estudiantes/gen...', Array)
#7 C:\xampp\htdocs\TDA-GRUPO4\system\CodeIgniter.php(936): App\Controllers\Estudiante->DataTable()
#8 C:\xampp\htdocs\TDA-GRUPO4\system\CodeIgniter.php(432): CodeIgniter\CodeIgniter->runController(Object(App\Controllers\Estudiante))
#9 C:\xampp\htdocs\TDA-GRUPO4\system\CodeIgniter.php(333): CodeIgniter\CodeIgniter->handleRequest(NULL, Object(Config\Cache), false)
#10 C:\xampp\htdocs\TDA-GRUPO4\index.php(44): CodeIgniter\CodeIgniter->run()
#11 {main}
CRITICAL - 2021-03-03 15:05:49 --> Invalid file: estudiantes/content_datatable.php
#0 C:\xampp\htdocs\TDA-GRUPO4\system\View\View.php(203): CodeIgniter\Exceptions\FrameworkException::forInvalidFile('estudiantes/con...')
#1 C:\xampp\htdocs\TDA-GRUPO4\system\View\View.php(468): CodeIgniter\View\View->render('estudiantes/con...', NULL, true)
#2 C:\xampp\htdocs\TDA-GRUPO4\app\Views\estudiantes\general.php(23): CodeIgniter\View\View->include('estudiantes/con...')
#3 C:\xampp\htdocs\TDA-GRUPO4\system\View\View.php(220): include('C:\\xampp\\htdocs...')
#4 C:\xampp\htdocs\TDA-GRUPO4\system\View\View.php(222): CodeIgniter\View\View->CodeIgniter\View\{closure}()
#5 C:\xampp\htdocs\TDA-GRUPO4\system\Common.php(1217): CodeIgniter\View\View->render('estudiantes/gen...', Array, true)
#6 C:\xampp\htdocs\TDA-GRUPO4\app\Controllers\Estudiante.php(33): view('estudiantes/gen...', Array)
#7 C:\xampp\htdocs\TDA-GRUPO4\system\CodeIgniter.php(936): App\Controllers\Estudiante->DataTable()
#8 C:\xampp\htdocs\TDA-GRUPO4\system\CodeIgniter.php(432): CodeIgniter\CodeIgniter->runController(Object(App\Controllers\Estudiante))
#9 C:\xampp\htdocs\TDA-GRUPO4\system\CodeIgniter.php(333): CodeIgniter\CodeIgniter->handleRequest(NULL, Object(Config\Cache), false)
#10 C:\xampp\htdocs\TDA-GRUPO4\index.php(44): CodeIgniter\CodeIgniter->run()
#11 {main}
CRITICAL - 2021-03-03 15:05:56 --> Invalid file: estudiantes/content_datatable.php
#0 C:\xampp\htdocs\TDA-GRUPO4\system\View\View.php(203): CodeIgniter\Exceptions\FrameworkException::forInvalidFile('estudiantes/con...')
#1 C:\xampp\htdocs\TDA-GRUPO4\system\View\View.php(468): CodeIgniter\View\View->render('estudiantes/con...', NULL, true)
#2 C:\xampp\htdocs\TDA-GRUPO4\app\Views\estudiantes\general.php(23): CodeIgniter\View\View->include('estudiantes/con...')
#3 C:\xampp\htdocs\TDA-GRUPO4\system\View\View.php(220): include('C:\\xampp\\htdocs...')
#4 C:\xampp\htdocs\TDA-GRUPO4\system\View\View.php(222): CodeIgniter\View\View->CodeIgniter\View\{closure}()
#5 C:\xampp\htdocs\TDA-GRUPO4\system\Common.php(1217): CodeIgniter\View\View->render('estudiantes/gen...', Array, true)
#6 C:\xampp\htdocs\TDA-GRUPO4\app\Controllers\Estudiante.php(33): view('estudiantes/gen...', Array)
#7 C:\xampp\htdocs\TDA-GRUPO4\system\CodeIgniter.php(936): App\Controllers\Estudiante->DataTable()
#8 C:\xampp\htdocs\TDA-GRUPO4\system\CodeIgniter.php(432): CodeIgniter\CodeIgniter->runController(Object(App\Controllers\Estudiante))
#9 C:\xampp\htdocs\TDA-GRUPO4\system\CodeIgniter.php(333): CodeIgniter\CodeIgniter->handleRequest(NULL, Object(Config\Cache), false)
#10 C:\xampp\htdocs\TDA-GRUPO4\index.php(44): CodeIgniter\CodeIgniter->run()
#11 {main}
CRITICAL - 2021-03-03 15:06:11 --> Invalid file: estudiantes/content_datatable.php
#0 C:\xampp\htdocs\TDA-GRUPO4\system\View\View.php(203): CodeIgniter\Exceptions\FrameworkException::forInvalidFile('estudiantes/con...')
#1 C:\xampp\htdocs\TDA-GRUPO4\system\View\View.php(468): CodeIgniter\View\View->render('estudiantes/con...', NULL, true)
#2 C:\xampp\htdocs\TDA-GRUPO4\app\Views\estudiantes\general.php(23): CodeIgniter\View\View->include('estudiantes/con...')
#3 C:\xampp\htdocs\TDA-GRUPO4\system\View\View.php(220): include('C:\\xampp\\htdocs...')
#4 C:\xampp\htdocs\TDA-GRUPO4\system\View\View.php(222): CodeIgniter\View\View->CodeIgniter\View\{closure}()
#5 C:\xampp\htdocs\TDA-GRUPO4\system\Common.php(1217): CodeIgniter\View\View->render('estudiantes/gen...', Array, true)
#6 C:\xampp\htdocs\TDA-GRUPO4\app\Controllers\Estudiante.php(33): view('estudiantes/gen...', Array)
#7 C:\xampp\htdocs\TDA-GRUPO4\system\CodeIgniter.php(936): App\Controllers\Estudiante->DataTable()
#8 C:\xampp\htdocs\TDA-GRUPO4\system\CodeIgniter.php(432): CodeIgniter\CodeIgniter->runController(Object(App\Controllers\Estudiante))
#9 C:\xampp\htdocs\TDA-GRUPO4\system\CodeIgniter.php(333): CodeIgniter\CodeIgniter->handleRequest(NULL, Object(Config\Cache), false)
#10 C:\xampp\htdocs\TDA-GRUPO4\index.php(44): CodeIgniter\CodeIgniter->run()
#11 {main}
CRITICAL - 2021-03-03 15:18:04 --> Invalid file: estudiantes/content_select2.php
#0 C:\xampp\htdocs\TDA-GRUPO4\system\View\View.php(203): CodeIgniter\Exceptions\FrameworkException::forInvalidFile('estudiantes/con...')
#1 C:\xampp\htdocs\TDA-GRUPO4\system\View\View.php(468): CodeIgniter\View\View->render('estudiantes/con...', NULL, true)
#2 C:\xampp\htdocs\TDA-GRUPO4\app\Views\estudiantes\general.php(23): CodeIgniter\View\View->include('estudiantes/con...')
#3 C:\xampp\htdocs\TDA-GRUPO4\system\View\View.php(220): include('C:\\xampp\\htdocs...')
#4 C:\xampp\htdocs\TDA-GRUPO4\system\View\View.php(222): CodeIgniter\View\View->CodeIgniter\View\{closure}()
#5 C:\xampp\htdocs\TDA-GRUPO4\system\Common.php(1217): CodeIgniter\View\View->render('estudiantes/gen...', Array, true)
#6 C:\xampp\htdocs\TDA-GRUPO4\app\Controllers\Estudiante.php(43): view('estudiantes/gen...', Array)
#7 C:\xampp\htdocs\TDA-GRUPO4\system\CodeIgniter.php(936): App\Controllers\Estudiante->Select2()
#8 C:\xampp\htdocs\TDA-GRUPO4\system\CodeIgniter.php(432): CodeIgniter\CodeIgniter->runController(Object(App\Controllers\Estudiante))
#9 C:\xampp\htdocs\TDA-GRUPO4\system\CodeIgniter.php(333): CodeIgniter\CodeIgniter->handleRequest(NULL, Object(Config\Cache), false)
#10 C:\xampp\htdocs\TDA-GRUPO4\index.php(44): CodeIgniter\CodeIgniter->run()
#11 {main}
CRITICAL - 2021-03-03 15:52:25 --> Use of undefined constant a - assumed 'a' (this will throw an Error in a future version of PHP)
#0 C:\xampp\htdocs\TDA-GRUPO4\app\Views\Template\Inicio.php(198): CodeIgniter\Debug\Exceptions->errorHandler(2, 'Use of undefine...', 'C:\\xampp\\htdocs...', 198, Array)
#1 C:\xampp\htdocs\TDA-GRUPO4\system\View\View.php(220): include('C:\\xampp\\htdocs...')
#2 C:\xampp\htdocs\TDA-GRUPO4\system\View\View.php(222): CodeIgniter\View\View->CodeIgniter\View\{closure}()
#3 C:\xampp\htdocs\TDA-GRUPO4\system\View\View.php(236): CodeIgniter\View\View->render('Template/Inicio', Array, true)
#4 C:\xampp\htdocs\TDA-GRUPO4\system\Common.php(1217): CodeIgniter\View\View->render('estudiantes/gen...', Array, true)
#5 C:\xampp\htdocs\TDA-GRUPO4\app\Controllers\Estudiante.php(60): view('estudiantes/gen...', Array)
#6 C:\xampp\htdocs\TDA-GRUPO4\system\CodeIgniter.php(936): App\Controllers\Estudiante->FormRegistrar()
#7 C:\xampp\htdocs\TDA-GRUPO4\system\CodeIgniter.php(432): CodeIgniter\CodeIgniter->runController(Object(App\Controllers\Estudiante))
#8 C:\xampp\htdocs\TDA-GRUPO4\system\CodeIgniter.php(333): CodeIgniter\CodeIgniter->handleRequest(NULL, Object(Config\Cache), false)
#9 C:\xampp\htdocs\TDA-GRUPO4\index.php(44): CodeIgniter\CodeIgniter->run()
#10 {main}
CRITICAL - 2021-03-03 16:18:28 --> Undefined variable: title
#0 C:\xampp\htdocs\TDA-GRUPO4\app\Views\usuarios\general.php(9): CodeIgniter\Debug\Exceptions->errorHandler(8, 'Undefined varia...', 'C:\\xampp\\htdocs...', 9, Array)
#1 C:\xampp\htdocs\TDA-GRUPO4\system\View\View.php(220): include('C:\\xampp\\htdocs...')
#2 C:\xampp\htdocs\TDA-GRUPO4\system\View\View.php(222): CodeIgniter\View\View->CodeIgniter\View\{closure}()
#3 C:\xampp\htdocs\TDA-GRUPO4\system\Common.php(1217): CodeIgniter\View\View->render('Usuarios/genera...', Array, true)
#4 C:\xampp\htdocs\TDA-GRUPO4\app\Controllers\Usuario.php(9): view('Usuarios/genera...')
#5 C:\xampp\htdocs\TDA-GRUPO4\system\CodeIgniter.php(936): App\Controllers\Usuario->Index()
#6 C:\xampp\htdocs\TDA-GRUPO4\system\CodeIgniter.php(432): CodeIgniter\CodeIgniter->runController(Object(App\Controllers\Usuario))
#7 C:\xampp\htdocs\TDA-GRUPO4\system\CodeIgniter.php(333): CodeIgniter\CodeIgniter->handleRequest(NULL, Object(Config\Cache), false)
#8 C:\xampp\htdocs\TDA-GRUPO4\index.php(44): CodeIgniter\CodeIgniter->run()
#9 {main}
CRITICAL - 2021-03-03 16:19:36 --> Undefined variable: registrarEst
#0 C:\xampp\htdocs\TDA-GRUPO4\app\Views\usuarios\general.php(11): CodeIgniter\Debug\Exceptions->errorHandler(8, 'Undefined varia...', 'C:\\xampp\\htdocs...', 11, Array)
#1 C:\xampp\htdocs\TDA-GRUPO4\system\View\View.php(220): include('C:\\xampp\\htdocs...')
#2 C:\xampp\htdocs\TDA-GRUPO4\system\View\View.php(222): CodeIgniter\View\View->CodeIgniter\View\{closure}()
#3 C:\xampp\htdocs\TDA-GRUPO4\system\Common.php(1217): CodeIgniter\View\View->render('usuarios/genera...', Array, true)
#4 C:\xampp\htdocs\TDA-GRUPO4\app\Controllers\Usuario.php(15): view('usuarios/genera...', Array)
#5 C:\xampp\htdocs\TDA-GRUPO4\system\CodeIgniter.php(936): App\Controllers\Usuario->Index()
#6 C:\xampp\htdocs\TDA-GRUPO4\system\CodeIgniter.php(432): CodeIgniter\CodeIgniter->runController(Object(App\Controllers\Usuario))
#7 C:\xampp\htdocs\TDA-GRUPO4\system\CodeIgniter.php(333): CodeIgniter\CodeIgniter->handleRequest(NULL, Object(Config\Cache), false)
#8 C:\xampp\htdocs\TDA-GRUPO4\index.php(44): CodeIgniter\CodeIgniter->run()
#9 {main}
CRITICAL - 2021-03-03 16:19:59 --> Undefined variable: datos_est
#0 C:\xampp\htdocs\TDA-GRUPO4\app\Views\estudiantes\content_table.php(42): CodeIgniter\Debug\Exceptions->errorHandler(8, 'Undefined varia...', 'C:\\xampp\\htdocs...', 42, Array)
#1 C:\xampp\htdocs\TDA-GRUPO4\system\View\View.php(220): include('C:\\xampp\\htdocs...')
#2 C:\xampp\htdocs\TDA-GRUPO4\system\View\View.php(222): CodeIgniter\View\View->CodeIgniter\View\{closure}()
#3 C:\xampp\htdocs\TDA-GRUPO4\system\View\View.php(468): CodeIgniter\View\View->render('estudiantes/con...', NULL, true)
#4 C:\xampp\htdocs\TDA-GRUPO4\app\Views\usuarios\general.php(16): CodeIgniter\View\View->include('estudiantes/con...')
#5 C:\xampp\htdocs\TDA-GRUPO4\system\View\View.php(220): include('C:\\xampp\\htdocs...')
#6 C:\xampp\htdocs\TDA-GRUPO4\system\View\View.php(222): CodeIgniter\View\View->CodeIgniter\View\{closure}()
#7 C:\xampp\htdocs\TDA-GRUPO4\system\Common.php(1217): CodeIgniter\View\View->render('usuarios/genera...', Array, true)
#8 C:\xampp\htdocs\TDA-GRUPO4\app\Controllers\Usuario.php(15): view('usuarios/genera...', Array)
#9 C:\xampp\htdocs\TDA-GRUPO4\system\CodeIgniter.php(936): App\Controllers\Usuario->Index()
#10 C:\xampp\htdocs\TDA-GRUPO4\system\CodeIgniter.php(432): CodeIgniter\CodeIgniter->runController(Object(App\Controllers\Usuario))
#11 C:\xampp\htdocs\TDA-GRUPO4\system\CodeIgniter.php(333): CodeIgniter\CodeIgniter->handleRequest(NULL, Object(Config\Cache), false)
#12 C:\xampp\htdocs\TDA-GRUPO4\index.php(44): CodeIgniter\CodeIgniter->run()
#13 {main}
CRITICAL - 2021-03-03 16:20:23 --> Invalid file: usuarios/content_table.php
#0 C:\xampp\htdocs\TDA-GRUPO4\system\View\View.php(203): CodeIgniter\Exceptions\FrameworkException::forInvalidFile('usuarios/conten...')
#1 C:\xampp\htdocs\TDA-GRUPO4\system\View\View.php(468): CodeIgniter\View\View->render('usuarios/conten...', NULL, true)
#2 C:\xampp\htdocs\TDA-GRUPO4\app\Views\usuarios\general.php(16): CodeIgniter\View\View->include('usuarios/conten...')
#3 C:\xampp\htdocs\TDA-GRUPO4\system\View\View.php(220): include('C:\\xampp\\htdocs...')
#4 C:\xampp\htdocs\TDA-GRUPO4\system\View\View.php(222): CodeIgniter\View\View->CodeIgniter\View\{closure}()
#5 C:\xampp\htdocs\TDA-GRUPO4\system\Common.php(1217): CodeIgniter\View\View->render('usuarios/genera...', Array, true)
#6 C:\xampp\htdocs\TDA-GRUPO4\app\Controllers\Usuario.php(15): view('usuarios/genera...', Array)
#7 C:\xampp\htdocs\TDA-GRUPO4\system\CodeIgniter.php(936): App\Controllers\Usuario->Index()
#8 C:\xampp\htdocs\TDA-GRUPO4\system\CodeIgniter.php(432): CodeIgniter\CodeIgniter->runController(Object(App\Controllers\Usuario))
#9 C:\xampp\htdocs\TDA-GRUPO4\system\CodeIgniter.php(333): CodeIgniter\CodeIgniter->handleRequest(NULL, Object(Config\Cache), false)
#10 C:\xampp\htdocs\TDA-GRUPO4\index.php(44): CodeIgniter\CodeIgniter->run()
#11 {main}
CRITICAL - 2021-03-03 16:20:35 --> Invalid file: usuarios/content_table.php
#0 C:\xampp\htdocs\TDA-GRUPO4\system\View\View.php(203): CodeIgniter\Exceptions\FrameworkException::forInvalidFile('usuarios/conten...')
#1 C:\xampp\htdocs\TDA-GRUPO4\system\View\View.php(468): CodeIgniter\View\View->render('usuarios/conten...', NULL, true)
#2 C:\xampp\htdocs\TDA-GRUPO4\app\Views\usuarios\general.php(16): CodeIgniter\View\View->include('usuarios/conten...')
#3 C:\xampp\htdocs\TDA-GRUPO4\system\View\View.php(220): include('C:\\xampp\\htdocs...')
#4 C:\xampp\htdocs\TDA-GRUPO4\system\View\View.php(222): CodeIgniter\View\View->CodeIgniter\View\{closure}()
#5 C:\xampp\htdocs\TDA-GRUPO4\system\Common.php(1217): CodeIgniter\View\View->render('usuarios/genera...', Array, true)
#6 C:\xampp\htdocs\TDA-GRUPO4\app\Controllers\Usuario.php(15): view('usuarios/genera...', Array)
#7 C:\xampp\htdocs\TDA-GRUPO4\system\CodeIgniter.php(936): App\Controllers\Usuario->Index()
#8 C:\xampp\htdocs\TDA-GRUPO4\system\CodeIgniter.php(432): CodeIgniter\CodeIgniter->runController(Object(App\Controllers\Usuario))
#9 C:\xampp\htdocs\TDA-GRUPO4\system\CodeIgniter.php(333): CodeIgniter\CodeIgniter->handleRequest(NULL, Object(Config\Cache), false)
#10 C:\xampp\htdocs\TDA-GRUPO4\index.php(44): CodeIgniter\CodeIgniter->run()
#11 {main}
CRITICAL - 2021-03-03 16:51:22 --> unlink(C:\xampp\htdocs\TDA-GRUPO4\writable\debugbar/debugbar_1614810910.json): No such file or directory
#0 [internal function]: CodeIgniter\Debug\Exceptions->errorHandler(2, 'unlink(C:\\xampp...', 'C:\\xampp\\htdocs...', 78, Array)
#1 C:\xampp\htdocs\TDA-GRUPO4\system\Debug\Toolbar\Collectors\History.php(78): unlink('C:\\xampp\\htdocs...')
#2 C:\xampp\htdocs\TDA-GRUPO4\system\Debug\Toolbar.php(441): CodeIgniter\Debug\Toolbar\Collectors\History->setFiles(1614811881, 20)
#3 C:\xampp\htdocs\TDA-GRUPO4\system\Debug\Toolbar.php(413): CodeIgniter\Debug\Toolbar->format(Array, 'html')
#4 C:\xampp\htdocs\TDA-GRUPO4\app\Config\Events.php(52): CodeIgniter\Debug\Toolbar->respond()
#5 [internal function]: CodeIgniter\Events\Events::Config\{closure}()
#6 C:\xampp\htdocs\TDA-GRUPO4\system\Events\Events.php(166): call_user_func(Object(Closure))
#7 C:\xampp\htdocs\TDA-GRUPO4\system\CodeIgniter.php(314): CodeIgniter\Events\Events::trigger('pre_system')
#8 C:\xampp\htdocs\TDA-GRUPO4\index.php(44): CodeIgniter\CodeIgniter->run()
#9 {main}
CRITICAL - 2021-03-03 16:51:22 --> unlink(C:\xampp\htdocs\TDA-GRUPO4\writable\debugbar/debugbar_1614810910.json): No such file or directory
#0 [internal function]: CodeIgniter\Debug\Exceptions->errorHandler(2, 'unlink(C:\\xampp...', 'C:\\xampp\\htdocs...', 78, Array)
#1 C:\xampp\htdocs\TDA-GRUPO4\system\Debug\Toolbar\Collectors\History.php(78): unlink('C:\\xampp\\htdocs...')
#2 C:\xampp\htdocs\TDA-GRUPO4\system\Debug\Toolbar.php(441): CodeIgniter\Debug\Toolbar\Collectors\History->setFiles(1614811881, 20)
#3 C:\xampp\htdocs\TDA-GRUPO4\system\Debug\Toolbar.php(413): CodeIgniter\Debug\Toolbar->format(Array, 'html')
#4 C:\xampp\htdocs\TDA-GRUPO4\app\Config\Events.php(52): CodeIgniter\Debug\Toolbar->respond()
#5 [internal function]: CodeIgniter\Events\Events::Config\{closure}()
#6 C:\xampp\htdocs\TDA-GRUPO4\system\Events\Events.php(166): call_user_func(Object(Closure))
#7 C:\xampp\htdocs\TDA-GRUPO4\system\CodeIgniter.php(314): CodeIgniter\Events\Events::trigger('pre_system')
#8 C:\xampp\htdocs\TDA-GRUPO4\index.php(44): CodeIgniter\CodeIgniter->run()
#9 {main}
CRITICAL - 2021-03-03 16:51:24 --> unlink(C:\xampp\htdocs\TDA-GRUPO4\writable\debugbar/debugbar_1614810920.json): No such file or directory
#0 [internal function]: CodeIgniter\Debug\Exceptions->errorHandler(2, 'unlink(C:\\xampp...', 'C:\\xampp\\htdocs...', 78, Array)
#1 C:\xampp\htdocs\TDA-GRUPO4\system\Debug\Toolbar\Collectors\History.php(78): unlink('C:\\xampp\\htdocs...')
#2 C:\xampp\htdocs\TDA-GRUPO4\system\Debug\Toolbar.php(441): CodeIgniter\Debug\Toolbar\Collectors\History->setFiles(1614811883, 20)
#3 C:\xampp\htdocs\TDA-GRUPO4\system\Debug\Toolbar.php(413): CodeIgniter\Debug\Toolbar->format(Array, 'html')
#4 C:\xampp\htdocs\TDA-GRUPO4\app\Config\Events.php(52): CodeIgniter\Debug\Toolbar->respond()
#5 [internal function]: CodeIgniter\Events\Events::Config\{closure}()
#6 C:\xampp\htdocs\TDA-GRUPO4\system\Events\Events.php(166): call_user_func(Object(Closure))
#7 C:\xampp\htdocs\TDA-GRUPO4\system\CodeIgniter.php(314): CodeIgniter\Events\Events::trigger('pre_system')
#8 C:\xampp\htdocs\TDA-GRUPO4\index.php(44): CodeIgniter\CodeIgniter->run()
#9 {main}
