CRITICAL - 2021-02-25 04:42:49 --> Call to undefined method CodeIgniter\Database\MySQLi\Result::get_result()
#0 C:\xampp\htdocs\TDA-GRUPO4\app\Controllers\Estudiante.php(13): App\Models\ModelStudent->ListarAllNombres()
#1 C:\xampp\htdocs\TDA-GRUPO4\system\CodeIgniter.php(936): App\Controllers\Estudiante->index()
#2 C:\xampp\htdocs\TDA-GRUPO4\system\CodeIgniter.php(432): CodeIgniter\CodeIgniter->runController(Object(App\Controllers\Estudiante))
#3 C:\xampp\htdocs\TDA-GRUPO4\system\CodeIgniter.php(333): CodeIgniter\CodeIgniter->handleRequest(NULL, Object(Config\Cache), false)
#4 C:\xampp\htdocs\TDA-GRUPO4\index.php(44): CodeIgniter\CodeIgniter->run()
#5 {main}
CRITICAL - 2021-02-25 04:44:54 --> Call to undefined method CodeIgniter\Database\MySQLi\Result::result()
#0 C:\xampp\htdocs\TDA-GRUPO4\system\CodeIgniter.php(936): App\Controllers\Estudiante->index()
#1 C:\xampp\htdocs\TDA-GRUPO4\system\CodeIgniter.php(432): CodeIgniter\CodeIgniter->runController(Object(App\Controllers\Estudiante))
#2 C:\xampp\htdocs\TDA-GRUPO4\system\CodeIgniter.php(333): CodeIgniter\CodeIgniter->handleRequest(NULL, Object(Config\Cache), false)
#3 C:\xampp\htdocs\TDA-GRUPO4\index.php(44): CodeIgniter\CodeIgniter->run()
#4 {main}
CRITICAL - 2021-02-25 04:46:05 --> Call to undefined method CodeIgniter\Database\MySQLi\Result::result()
#0 C:\xampp\htdocs\TDA-GRUPO4\app\Controllers\Estudiante.php(14): App\Models\ModelStudent->ListarAllNombres()
#1 C:\xampp\htdocs\TDA-GRUPO4\system\CodeIgniter.php(936): App\Controllers\Estudiante->index()
#2 C:\xampp\htdocs\TDA-GRUPO4\system\CodeIgniter.php(432): CodeIgniter\CodeIgniter->runController(Object(App\Controllers\Estudiante))
#3 C:\xampp\htdocs\TDA-GRUPO4\system\CodeIgniter.php(333): CodeIgniter\CodeIgniter->handleRequest(NULL, Object(Config\Cache), false)
#4 C:\xampp\htdocs\TDA-GRUPO4\index.php(44): CodeIgniter\CodeIgniter->run()
#5 {main}
CRITICAL - 2021-02-25 04:55:23 --> Call to undefined method CodeIgniter\Database\MySQLi\Connection::get()
#0 C:\xampp\htdocs\TDA-GRUPO4\app\Controllers\Estudiante.php(14): App\Models\ModelStudent->ListarAllNombres()
#1 C:\xampp\htdocs\TDA-GRUPO4\system\CodeIgniter.php(936): App\Controllers\Estudiante->index()
#2 C:\xampp\htdocs\TDA-GRUPO4\system\CodeIgniter.php(432): CodeIgniter\CodeIgniter->runController(Object(App\Controllers\Estudiante))
#3 C:\xampp\htdocs\TDA-GRUPO4\system\CodeIgniter.php(333): CodeIgniter\CodeIgniter->handleRequest(NULL, Object(Config\Cache), false)
#4 C:\xampp\htdocs\TDA-GRUPO4\index.php(44): CodeIgniter\CodeIgniter->run()
#5 {main}
CRITICAL - 2021-02-25 05:09:34 --> Call to undefined method CodeIgniter\Database\MySQLi\Result::result()
#0 C:\xampp\htdocs\TDA-GRUPO4\app\Controllers\Estudiante.php(14): App\Models\ModelStudent->ListarAllNombres()
#1 C:\xampp\htdocs\TDA-GRUPO4\system\CodeIgniter.php(936): App\Controllers\Estudiante->index()
#2 C:\xampp\htdocs\TDA-GRUPO4\system\CodeIgniter.php(432): CodeIgniter\CodeIgniter->runController(Object(App\Controllers\Estudiante))
#3 C:\xampp\htdocs\TDA-GRUPO4\system\CodeIgniter.php(333): CodeIgniter\CodeIgniter->handleRequest(NULL, Object(Config\Cache), false)
#4 C:\xampp\htdocs\TDA-GRUPO4\index.php(44): CodeIgniter\CodeIgniter->run()
#5 {main}
CRITICAL - 2021-02-25 05:18:50 --> Call to undefined method CodeIgniter\Database\MySQLi\Result::result()
#0 C:\xampp\htdocs\TDA-GRUPO4\app\Controllers\Estudiante.php(14): App\Models\ModelStudent->ListarAllNombres()
#1 C:\xampp\htdocs\TDA-GRUPO4\system\CodeIgniter.php(936): App\Controllers\Estudiante->index()
#2 C:\xampp\htdocs\TDA-GRUPO4\system\CodeIgniter.php(432): CodeIgniter\CodeIgniter->runController(Object(App\Controllers\Estudiante))
#3 C:\xampp\htdocs\TDA-GRUPO4\system\CodeIgniter.php(333): CodeIgniter\CodeIgniter->handleRequest(NULL, Object(Config\Cache), false)
#4 C:\xampp\htdocs\TDA-GRUPO4\index.php(44): CodeIgniter\CodeIgniter->run()
#5 {main}
CRITICAL - 2021-02-25 05:18:51 --> Call to undefined method CodeIgniter\Database\MySQLi\Result::result()
#0 C:\xampp\htdocs\TDA-GRUPO4\app\Controllers\Estudiante.php(14): App\Models\ModelStudent->ListarAllNombres()
#1 C:\xampp\htdocs\TDA-GRUPO4\system\CodeIgniter.php(936): App\Controllers\Estudiante->index()
#2 C:\xampp\htdocs\TDA-GRUPO4\system\CodeIgniter.php(432): CodeIgniter\CodeIgniter->runController(Object(App\Controllers\Estudiante))
#3 C:\xampp\htdocs\TDA-GRUPO4\system\CodeIgniter.php(333): CodeIgniter\CodeIgniter->handleRequest(NULL, Object(Config\Cache), false)
#4 C:\xampp\htdocs\TDA-GRUPO4\index.php(44): CodeIgniter\CodeIgniter->run()
#5 {main}
CRITICAL - 2021-02-25 05:20:51 --> Call to undefined method CodeIgniter\Database\MySQLi\Result::result()
#0 C:\xampp\htdocs\TDA-GRUPO4\app\Controllers\Estudiante.php(14): App\Models\ModelStudent->ListarAllNombres()
#1 C:\xampp\htdocs\TDA-GRUPO4\system\CodeIgniter.php(936): App\Controllers\Estudiante->index()
#2 C:\xampp\htdocs\TDA-GRUPO4\system\CodeIgniter.php(432): CodeIgniter\CodeIgniter->runController(Object(App\Controllers\Estudiante))
#3 C:\xampp\htdocs\TDA-GRUPO4\system\CodeIgniter.php(333): CodeIgniter\CodeIgniter->handleRequest(NULL, Object(Config\Cache), false)
#4 C:\xampp\htdocs\TDA-GRUPO4\index.php(44): CodeIgniter\CodeIgniter->run()
#5 {main}
ERROR - 2021-02-25 05:23:41 --> mysqli_sql_exception: Unknown column 'estu_nombre' in 'field list' in C:\xampp\htdocs\TDA-GRUPO4\system\Database\MySQLi\Connection.php:314
Stack trace:
#0 C:\xampp\htdocs\TDA-GRUPO4\system\Database\MySQLi\Connection.php(314): mysqli->query('SELECT `estu_no...')
#1 C:\xampp\htdocs\TDA-GRUPO4\system\Database\BaseConnection.php(713): CodeIgniter\Database\MySQLi\Connection->execute('SELECT `estu_no...')
#2 C:\xampp\htdocs\TDA-GRUPO4\system\Database\BaseConnection.php(641): CodeIgniter\Database\BaseConnection->simpleQuery('SELECT `estu_no...')
#3 C:\xampp\htdocs\TDA-GRUPO4\app\Models\ModelStudent.php(11): CodeIgniter\Database\BaseConnection->query('SELECT `estu_no...')
#4 C:\xampp\htdocs\TDA-GRUPO4\app\Controllers\Estudiante.php(14): App\Models\ModelStudent->ListaAllNombres()
#5 C:\xampp\htdocs\TDA-GRUPO4\system\CodeIgniter.php(936): App\Controllers\Estudiante->index()
#6 C:\xampp\htdocs\TDA-GRUPO4\system\CodeIgniter.php(432): CodeIgniter\CodeIgniter->runController(Object(App\Controllers\Estudiante))
#7 C:\xampp\htdocs\TDA-GRUPO4\system\CodeIgniter.php(333): CodeIgniter\CodeIgniter->handleRequest(NULL, Object(Config\Cache), false)
#8 C:\xampp\htdocs\TDA-GRUPO4\index.php(44): CodeIgniter\CodeIgniter->run()
#9 {main}
CRITICAL - 2021-02-25 05:59:07 --> syntax error, unexpected '?>'
#0 C:\xampp\htdocs\TDA-GRUPO4\system\View\View.php(222): CodeIgniter\View\View->CodeIgniter\View\{closure}()
#1 C:\xampp\htdocs\TDA-GRUPO4\system\Common.php(1217): CodeIgniter\View\View->render('estudiantes/con...', Array, true)
#2 C:\xampp\htdocs\TDA-GRUPO4\app\Controllers\Estudiante.php(16): view('estudiantes/con...', Array)
#3 C:\xampp\htdocs\TDA-GRUPO4\system\CodeIgniter.php(936): App\Controllers\Estudiante->index()
#4 C:\xampp\htdocs\TDA-GRUPO4\system\CodeIgniter.php(432): CodeIgniter\CodeIgniter->runController(Object(App\Controllers\Estudiante))
#5 C:\xampp\htdocs\TDA-GRUPO4\system\CodeIgniter.php(333): CodeIgniter\CodeIgniter->handleRequest(NULL, Object(Config\Cache), false)
#6 C:\xampp\htdocs\TDA-GRUPO4\index.php(44): CodeIgniter\CodeIgniter->run()
#7 {main}
CRITICAL - 2021-02-25 05:59:19 --> Invalid argument supplied for foreach()
#0 C:\xampp\htdocs\TDA-GRUPO4\app\Views\estudiantes\content_table.php(16): CodeIgniter\Debug\Exceptions->errorHandler(2, 'Invalid argumen...', 'C:\\xampp\\htdocs...', 16, Array)
#1 C:\xampp\htdocs\TDA-GRUPO4\system\View\View.php(220): include('C:\\xampp\\htdocs...')
#2 C:\xampp\htdocs\TDA-GRUPO4\system\View\View.php(222): CodeIgniter\View\View->CodeIgniter\View\{closure}()
#3 C:\xampp\htdocs\TDA-GRUPO4\system\Common.php(1217): CodeIgniter\View\View->render('estudiantes/con...', Array, true)
#4 C:\xampp\htdocs\TDA-GRUPO4\app\Controllers\Estudiante.php(16): view('estudiantes/con...', Array)
#5 C:\xampp\htdocs\TDA-GRUPO4\system\CodeIgniter.php(936): App\Controllers\Estudiante->index()
#6 C:\xampp\htdocs\TDA-GRUPO4\system\CodeIgniter.php(432): CodeIgniter\CodeIgniter->runController(Object(App\Controllers\Estudiante))
#7 C:\xampp\htdocs\TDA-GRUPO4\system\CodeIgniter.php(333): CodeIgniter\CodeIgniter->handleRequest(NULL, Object(Config\Cache), false)
#8 C:\xampp\htdocs\TDA-GRUPO4\index.php(44): CodeIgniter\CodeIgniter->run()
#9 {main}
CRITICAL - 2021-02-25 06:01:42 --> Invalid argument supplied for foreach()
#0 C:\xampp\htdocs\TDA-GRUPO4\app\Views\estudiantes\content_table.php(16): CodeIgniter\Debug\Exceptions->errorHandler(2, 'Invalid argumen...', 'C:\\xampp\\htdocs...', 16, Array)
#1 C:\xampp\htdocs\TDA-GRUPO4\system\View\View.php(220): include('C:\\xampp\\htdocs...')
#2 C:\xampp\htdocs\TDA-GRUPO4\system\View\View.php(222): CodeIgniter\View\View->CodeIgniter\View\{closure}()
#3 C:\xampp\htdocs\TDA-GRUPO4\system\Common.php(1217): CodeIgniter\View\View->render('estudiantes/con...', Array, true)
#4 C:\xampp\htdocs\TDA-GRUPO4\app\Controllers\Estudiante.php(20): view('estudiantes/con...', Array)
#5 C:\xampp\htdocs\TDA-GRUPO4\system\CodeIgniter.php(936): App\Controllers\Estudiante->index()
#6 C:\xampp\htdocs\TDA-GRUPO4\system\CodeIgniter.php(432): CodeIgniter\CodeIgniter->runController(Object(App\Controllers\Estudiante))
#7 C:\xampp\htdocs\TDA-GRUPO4\system\CodeIgniter.php(333): CodeIgniter\CodeIgniter->handleRequest(NULL, Object(Config\Cache), false)
#8 C:\xampp\htdocs\TDA-GRUPO4\index.php(44): CodeIgniter\CodeIgniter->run()
#9 {main}
CRITICAL - 2021-02-25 06:02:01 --> Invalid argument supplied for foreach()
#0 C:\xampp\htdocs\TDA-GRUPO4\app\Views\estudiantes\content_table.php(16): CodeIgniter\Debug\Exceptions->errorHandler(2, 'Invalid argumen...', 'C:\\xampp\\htdocs...', 16, Array)
#1 C:\xampp\htdocs\TDA-GRUPO4\system\View\View.php(220): include('C:\\xampp\\htdocs...')
#2 C:\xampp\htdocs\TDA-GRUPO4\system\View\View.php(222): CodeIgniter\View\View->CodeIgniter\View\{closure}()
#3 C:\xampp\htdocs\TDA-GRUPO4\system\Common.php(1217): CodeIgniter\View\View->render('estudiantes/con...', Array, true)
#4 C:\xampp\htdocs\TDA-GRUPO4\app\Controllers\Estudiante.php(20): view('estudiantes/con...', Array)
#5 C:\xampp\htdocs\TDA-GRUPO4\system\CodeIgniter.php(936): App\Controllers\Estudiante->index()
#6 C:\xampp\htdocs\TDA-GRUPO4\system\CodeIgniter.php(432): CodeIgniter\CodeIgniter->runController(Object(App\Controllers\Estudiante))
#7 C:\xampp\htdocs\TDA-GRUPO4\system\CodeIgniter.php(333): CodeIgniter\CodeIgniter->handleRequest(NULL, Object(Config\Cache), false)
#8 C:\xampp\htdocs\TDA-GRUPO4\index.php(44): CodeIgniter\CodeIgniter->run()
#9 {main}
CRITICAL - 2021-02-25 06:03:59 --> Invalid file: content_table.php
#0 C:\xampp\htdocs\TDA-GRUPO4\system\View\View.php(203): CodeIgniter\Exceptions\FrameworkException::forInvalidFile('content_table.p...')
#1 C:\xampp\htdocs\TDA-GRUPO4\system\Common.php(1217): CodeIgniter\View\View->render('content_table', Array, true)
#2 C:\xampp\htdocs\TDA-GRUPO4\app\Controllers\Estudiante.php(17): view('content_table', Array)
#3 C:\xampp\htdocs\TDA-GRUPO4\system\CodeIgniter.php(936): App\Controllers\Estudiante->index()
#4 C:\xampp\htdocs\TDA-GRUPO4\system\CodeIgniter.php(432): CodeIgniter\CodeIgniter->runController(Object(App\Controllers\Estudiante))
#5 C:\xampp\htdocs\TDA-GRUPO4\system\CodeIgniter.php(333): CodeIgniter\CodeIgniter->handleRequest(NULL, Object(Config\Cache), false)
#6 C:\xampp\htdocs\TDA-GRUPO4\index.php(44): CodeIgniter\CodeIgniter->run()
#7 {main}
CRITICAL - 2021-02-25 19:29:41 --> Invalid file: Template/Footer.php
#0 C:\xampp\htdocs\TDA-GRUPO4\system\View\View.php(203): CodeIgniter\Exceptions\FrameworkException::forInvalidFile('Template/Footer...')
#1 C:\xampp\htdocs\TDA-GRUPO4\system\View\View.php(236): CodeIgniter\View\View->render('Template/Footer', Array, true)
#2 C:\xampp\htdocs\TDA-GRUPO4\system\Common.php(1217): CodeIgniter\View\View->render('estudiantes/gen...', Array, true)
#3 C:\xampp\htdocs\TDA-GRUPO4\app\Controllers\Estudiante.php(20): view('estudiantes/gen...')
#4 C:\xampp\htdocs\TDA-GRUPO4\system\CodeIgniter.php(936): App\Controllers\Estudiante->index()
#5 C:\xampp\htdocs\TDA-GRUPO4\system\CodeIgniter.php(432): CodeIgniter\CodeIgniter->runController(Object(App\Controllers\Estudiante))
#6 C:\xampp\htdocs\TDA-GRUPO4\system\CodeIgniter.php(333): CodeIgniter\CodeIgniter->handleRequest(NULL, Object(Config\Cache), false)
#7 C:\xampp\htdocs\TDA-GRUPO4\index.php(44): CodeIgniter\CodeIgniter->run()
#8 {main}
